The following modules were not unloaded:
  (Use "module --force purge" to unload all):

  1) hpc/.1.8.1   2) fixmkl/.1.0
***********************************
You have loaded a Mambaforge module
***********************************

JUST LOADING THIS MODULE DOES *NOT* CHANGE THE PYTHON VERSION, NOR ENABLES ANY
EXTRA PYTHON MODULES.

This module makes available the 'mamba' and 'conda' commands from the miniforge
Mambaforge distribution,
with which users can create named anaconda-like environments and then activate
them.

To create and use a customized environment use 'mamba create ...' and
then 'mamba activate ...' (see example below).

---------------------------------------------------------------------------------------------------
NOTE: NSC strongly advices against placing 'mamba activate' (or 'conda
activate', with or without
      arguments) in your shell initialization files, (e.g. '.bashrc' or
'.bash_profile') since
      this severly alters the environment for running software in ways that
cause unpredictable
      issues that can be difficult to diagnose.
---------------------------------------------------------------------------------------------------

Example usage:

  * Setting up a customized environment and run a Python program in it:

    mamba create -n myenv python=3.8 scipy=1.5.2
    mamba activate myenv
    python my_scipy_python_program.py

  * To run the python program in the same environment when logging in the next
time:

    mabma activate myenv
    python my_scipy_python_program.py

The miniforge Mambaforge distribution aims to be command-line compatible with
Anaconda.
More details on Anaconda environment management are available here:


https://docs.conda.io/projects/conda/en/latest/user-guide/tasks/manage-environments.html


Start processing experiment CD45, component ifs and 16
INFO:ece2cmor3.ece2cmorlib: ece2cmor3 version v2.4.0 based on the master branch
INFO:ece2cmor3.ece2cmorlib: ece2cmor_git_revision e5bc947f with the long hash: e5bc947f56caa67068e6f3202dbabe8efa600e21
INFO:ece2cmor3.ece2cmorlib: Python 3.11.8 | packaged by conda-forge | (main, Feb 16 2024, 20:53:32) [GC  12.3.0]
INFO:ece2cmor3.ece2cmorlib: cdo 2.3.0
INFO:ece2cmor3.ece2cmorlib: CDO_PY_VERSION: 1.6.0
INFO:ece2cmor3.ece2cmorlib: CMOR library: CMOR3.8.0
INFO:ece2cmor3.ece2cmorlib: dreqPy 01.02.00 is loaded
DEBUG:git.cmd: Popen(['git', 'version'], cwd=/home/sm_wyser/cmorize/ece2cmor3/ece2cmor3, stdin=None, shell=False, universal_newlines=False)
DEBUG:git.cmd: Popen(['git', 'version'], cwd=/home/sm_wyser/cmorize/ece2cmor3/ece2cmor3, stdin=None, shell=False, universal_newlines=False)
DEBUG:git.cmd: Popen(['git', 'cat-file', '--batch-check'], cwd=/home/sm_wyser/cmorize/ece2cmor3, stdin=<valid stream>, shell=False, universal_newlines=False)
DEBUG:git.cmd: Popen(['git', 'diff', '--cached', '--abbrev=40', '--full-index', '--raw'], cwd=/home/sm_wyser/cmorize/ece2cmor3, stdin=None, shell=False, universal_newlines=False)
DEBUG:git.cmd: Popen(['git', 'diff', '--abbrev=40', '--full-index', '--raw'], cwd=/home/sm_wyser/cmorize/ece2cmor3, stdin=None, shell=False, universal_newlines=False)
DEBUG:git.cmd: Popen(['git', 'cat-file', '--batch-check'], cwd=/home/sm_wyser/cmorize/ece2cmor3, stdin=<valid stream>, shell=False, universal_newlines=False)
DEBUG:git.cmd: Popen(['git', 'diff', '--cached', '--abbrev=40', '--full-index', '--raw'], cwd=/home/sm_wyser/cmorize/ece2cmor3, stdin=None, shell=False, universal_newlines=False)
DEBUG:git.cmd: Popen(['git', 'diff', '--abbrev=40', '--full-index', '--raw'], cwd=/home/sm_wyser/cmorize/ece2cmor3, stdin=None, shell=False, universal_newlines=False)
INFO:ece2cmor3.ece2cmorlib: Metadata attribute activity_id: CMIP
INFO:ece2cmor3.ece2cmorlib: Metadata attribute experiment_id: piControl
INFO:ece2cmor3.ece2cmorlib: Metadata attribute source_id: EC-Earth3-ESM-1
INFO:ece2cmor3.ece2cmorlib: Metadata attribute source: EC-Earth3-ESM-1 (2024)
INFO:ece2cmor3.ece2cmorlib: Metadata attribute source_type: AOGCM BGC
INFO:ece2cmor3.ece2cmorlib: Metadata attribute grid: T255L91
INFO:ece2cmor3.ece2cmorlib: Metadata attribute grid_label: gr
INFO:ece2cmor3.ece2cmorlib: Metadata attribute nominal_resolution: 100 km
INFO:ece2cmor3.ece2cmorlib: Metadata attribute sub_experiment: none
INFO:ece2cmor3.ece2cmorlib: Metadata attribute sub_experiment_id: none
INFO:ece2cmor3.ece2cmorlib: Metadata attribute realization_index: 1
INFO:ece2cmor3.ece2cmorlib: Metadata attribute initialization_index: 1
INFO:ece2cmor3.ece2cmorlib: Metadata attribute physics_index: 1
INFO:ece2cmor3.ece2cmorlib: Metadata attribute forcing_index: 1
INFO:ece2cmor3.ece2cmorlib: Metadata attribute #variant_info: uncomment and describe briefly what makes your ripf identifier unique (only needed if i/=1, p/=1 or f/=1)
INFO:ece2cmor3.ece2cmorlib: Metadata attribute parent_activity_id: CMIP
INFO:ece2cmor3.ece2cmorlib: Metadata attribute parent_experiment_id: piControl-spinup
INFO:ece2cmor3.ece2cmorlib: Metadata attribute parent_source_id: EC-Earth3-ESM-1
INFO:ece2cmor3.ece2cmorlib: Metadata attribute parent_variant_label: r1i1p1f1
INFO:ece2cmor3.ece2cmorlib: Metadata attribute parent_time_units: days since 1850-01-01
INFO:ece2cmor3.ece2cmorlib: Metadata attribute branch_method: standard
INFO:ece2cmor3.ece2cmorlib: Metadata attribute branch_time_in_child: 0.0D
INFO:ece2cmor3.ece2cmorlib: Metadata attribute branch_time_in_parent: 182621.0D
INFO:ece2cmor3.ece2cmorlib: Metadata attribute comment: This experiment was done as part of OptimESM (https://optimesm-he.eu/) by SMHI. Initial conditions are from the corresponding esm-piControl-spinup r1 simulation which is incompatible with current CV
INFO:ece2cmor3.ece2cmorlib: Metadata attribute _control_vocabulary_file: CMIP6_CV.json
INFO:ece2cmor3.ece2cmorlib: Metadata attribute _cmip6_option: CMIP6
INFO:ece2cmor3.ece2cmorlib: Metadata attribute mip_era: CMIP6
INFO:ece2cmor3.ece2cmorlib: Metadata attribute parent_mip_era: CMIP6
INFO:ece2cmor3.ece2cmorlib: Metadata attribute license: CMIP6 model data produced by EC-Earth-Consortium is licensed under a Creative Commons Attribution 4.0 International License (https://creativecommons.org/licenses). Consult https://pcmdi.llnl.gov/CMIP6/TermsOfUse for terms of use governing CMIP6 output, including citation requirements and proper acknowledgment. Further information about this data, including some limitations, can be found via the further_info_url (recorded as a global attribute in this file) and at http://www.ec-earth.org. The data producers and data providers make no warranty, either express or implied, including, but not limited to, warranties of merchantability and fitness for a particular purpose. All liabilities arising from the supply of the information (including any liability arising in negligence) are excluded to the fullest extent permitted by law.
INFO:ece2cmor3.ece2cmorlib: Metadata attribute tracking_prefix: hdl:21.14100
INFO:ece2cmor3.ece2cmorlib: Metadata attribute institution_id: EC-Earth-Consortium
INFO:ece2cmor3.ece2cmorlib: Metadata attribute contact: cmip6-data@ec-earth.org
INFO:ece2cmor3.ece2cmorlib: Metadata attribute outpath: /nobackup/rossby27/proj/optimesm/cmorized/CD45-0
INFO:ece2cmor3.ece2cmorlib: Metadata attribute history: processed by ece2cmor v2.4.0, git rev. e5bc947f56caa67068e6f3202dbabe8efa600e21-changes

INFO:ece2cmor3.ece2cmorlib: Metadata attribute latest_ece2cmor_version: v2.4.0
INFO:ece2cmor3.ece2cmorlib: Metadata attribute ece2cmor_git_revision: e5bc947f56caa67068e6f3202dbabe8efa600e21-changes
INFO:ece2cmor3.ece2cmorlib: Metadata attribute latest_applied_cmor_fixer_version: None
INFO:ece2cmor3.cmor_target: CMOR tables data_specs_version : 01.00.33
INFO:ece2cmor3.cmor_target: CMOR tables cmor_version : 3.5
INFO:ece2cmor3.cmor_target: CMOR tables Conventions : CF-1.7 CMIP-6.2
INFO:ece2cmor3.cmor_target: CMOR tables table_date : 18 November 2020
INFO:ece2cmor3.taskloader: Dismissing model level target variable cli in table Amon for component ifs...
INFO:ece2cmor3.taskloader: Dismissing model level target variable ta in table CFday for component ifs...
INFO:ece2cmor3.taskloader: Dismissing model level target variable zg in table CFday for component ifs...
INFO:ece2cmor3.taskloader: Dismissing model level target variable hur in table CFday for component ifs...
INFO:ece2cmor3.taskloader: Dismissing model level target variable wap in table CFday for component ifs...
INFO:ece2cmor3.taskloader: Dismissing model level target variable va in table CFday for component ifs...
INFO:ece2cmor3.taskloader: Dismissing model level target variable cl in table Amon for component ifs...
INFO:ece2cmor3.taskloader: Dismissing model level target variable hus in table CFday for component ifs...
INFO:ece2cmor3.taskloader: Dismissing model level target variable clw in table Amon for component ifs...
INFO:ece2cmor3.taskloader: Dismissing model level target variable ua in table CFday for component ifs...
INFO:ece2cmor3.taskloader: Found 103 requested cmor target variables for ifs.
INFO:ece2cmor3.taskloader: Found 167 requested cmor target variables for lpjg.
INFO:ece2cmor3.taskloader: Found 179 requested cmor target variables for nemo.
INFO:ece2cmor3.taskloader: Found 0 requested cmor target variables for tm5.
INFO:ece2cmor3.taskloader: Found 4 requested cmor target variables for co2box.
INFO:ece2cmor3.taskloader: Created 103 ece2cmor tasks from input variable list.
INFO:ece2cmor3.ece2cmorlib: Selected 103 IFS tasks from 103 input tasks
INFO:ece2cmor3.ifs2cmor: Inspecting 103 tasks.
INFO:ece2cmor3.ifs2cmor: Validated 103 tasks for processing.
INFO:ece2cmor3.ifs2cmor: Executing 103 IFS tasks...
INFO:ece2cmor3.grib_filter: Filtering grib file /nobackup/rossby27/proj/optimesm/sm_wyser/ece-run/CD45/output/ifs/015/ICMGGCD45+186412...
INFO:ece2cmor3.grib_filter: Filtering grib file /nobackup/rossby27/proj/optimesm/sm_wyser/ece-run/CD45/output/ifs/015/ICMSHCD45+186412...
INFO:ece2cmor3.grib_filter: Filtering grib file /nobackup/rossby27/proj/optimesm/sm_wyser/ece-run/CD45/output/ifs/016/ICMGGCD45+186501...
INFO:ece2cmor3.grib_filter: Filtering grib file /nobackup/rossby27/proj/optimesm/sm_wyser/ece-run/CD45/output/ifs/016/ICMSHCD45+186501...
INFO:ece2cmor3.grib_filter: Filtering grib file /nobackup/rossby27/proj/optimesm/sm_wyser/ece-run/CD45/output/ifs/016/ICMGGCD45+186501...
INFO:ece2cmor3.grib_filter: Filtering grib file /nobackup/rossby27/proj/optimesm/sm_wyser/ece-run/CD45/output/ifs/016/ICMGGCD45+186502...
INFO:ece2cmor3.grib_filter: Filtering grib file /nobackup/rossby27/proj/optimesm/sm_wyser/ece-run/CD45/output/ifs/016/ICMSHCD45+186501...
INFO:ece2cmor3.grib_filter: Filtering grib file /nobackup/rossby27/proj/optimesm/sm_wyser/ece-run/CD45/output/ifs/016/ICMSHCD45+186502...
INFO:ece2cmor3.grib_filter: Filtering grib file /nobackup/rossby27/proj/optimesm/sm_wyser/ece-run/CD45/output/ifs/016/ICMGGCD45+186502...
INFO:ece2cmor3.grib_filter: Filtering grib file /nobackup/rossby27/proj/optimesm/sm_wyser/ece-run/CD45/output/ifs/016/ICMGGCD45+186503...
INFO:ece2cmor3.grib_filter: Filtering grib file /nobackup/rossby27/proj/optimesm/sm_wyser/ece-run/CD45/output/ifs/016/ICMSHCD45+186502...
INFO:ece2cmor3.grib_filter: Filtering grib file /nobackup/rossby27/proj/optimesm/sm_wyser/ece-run/CD45/output/ifs/016/ICMGGCD45+186503...
INFO:ece2cmor3.grib_filter: Filtering grib file /nobackup/rossby27/proj/optimesm/sm_wyser/ece-run/CD45/output/ifs/016/ICMSHCD45+186503...
INFO:ece2cmor3.grib_filter: Filtering grib file /nobackup/rossby27/proj/optimesm/sm_wyser/ece-run/CD45/output/ifs/016/ICMGGCD45+186504...
INFO:ece2cmor3.grib_filter: Filtering grib file /nobackup/rossby27/proj/optimesm/sm_wyser/ece-run/CD45/output/ifs/016/ICMGGCD45+186504...
INFO:ece2cmor3.grib_filter: Filtering grib file /nobackup/rossby27/proj/optimesm/sm_wyser/ece-run/CD45/output/ifs/016/ICMSHCD45+186503...
INFO:ece2cmor3.grib_filter: Filtering grib file /nobackup/rossby27/proj/optimesm/sm_wyser/ece-run/CD45/output/ifs/016/ICMGGCD45+186505...
INFO:ece2cmor3.grib_filter: Filtering grib file /nobackup/rossby27/proj/optimesm/sm_wyser/ece-run/CD45/output/ifs/016/ICMSHCD45+186504...
INFO:ece2cmor3.grib_filter: Filtering grib file /nobackup/rossby27/proj/optimesm/sm_wyser/ece-run/CD45/output/ifs/016/ICMGGCD45+186505...
INFO:ece2cmor3.grib_filter: Filtering grib file /nobackup/rossby27/proj/optimesm/sm_wyser/ece-run/CD45/output/ifs/016/ICMGGCD45+186506...
INFO:ece2cmor3.grib_filter: Filtering grib file /nobackup/rossby27/proj/optimesm/sm_wyser/ece-run/CD45/output/ifs/016/ICMSHCD45+186504...
INFO:ece2cmor3.grib_filter: Filtering grib file /nobackup/rossby27/proj/optimesm/sm_wyser/ece-run/CD45/output/ifs/016/ICMSHCD45+186505...
INFO:ece2cmor3.grib_filter: Filtering grib file /nobackup/rossby27/proj/optimesm/sm_wyser/ece-run/CD45/output/ifs/016/ICMGGCD45+186506...
INFO:ece2cmor3.grib_filter: Filtering grib file /nobackup/rossby27/proj/optimesm/sm_wyser/ece-run/CD45/output/ifs/016/ICMGGCD45+186507...
INFO:ece2cmor3.grib_filter: Filtering grib file /nobackup/rossby27/proj/optimesm/sm_wyser/ece-run/CD45/output/ifs/016/ICMSHCD45+186505...
INFO:ece2cmor3.grib_filter: Filtering grib file /nobackup/rossby27/proj/optimesm/sm_wyser/ece-run/CD45/output/ifs/016/ICMSHCD45+186506...
INFO:ece2cmor3.grib_filter: Filtering grib file /nobackup/rossby27/proj/optimesm/sm_wyser/ece-run/CD45/output/ifs/016/ICMGGCD45+186507...
INFO:ece2cmor3.grib_filter: Filtering grib file /nobackup/rossby27/proj/optimesm/sm_wyser/ece-run/CD45/output/ifs/016/ICMGGCD45+186508...
INFO:ece2cmor3.grib_filter: Filtering grib file /nobackup/rossby27/proj/optimesm/sm_wyser/ece-run/CD45/output/ifs/016/ICMSHCD45+186506...
INFO:ece2cmor3.grib_filter: Filtering grib file /nobackup/rossby27/proj/optimesm/sm_wyser/ece-run/CD45/output/ifs/016/ICMSHCD45+186507...
INFO:ece2cmor3.grib_filter: Filtering grib file /nobackup/rossby27/proj/optimesm/sm_wyser/ece-run/CD45/output/ifs/016/ICMGGCD45+186508...
INFO:ece2cmor3.grib_filter: Filtering grib file /nobackup/rossby27/proj/optimesm/sm_wyser/ece-run/CD45/output/ifs/016/ICMGGCD45+186509...
INFO:ece2cmor3.grib_filter: Filtering grib file /nobackup/rossby27/proj/optimesm/sm_wyser/ece-run/CD45/output/ifs/016/ICMSHCD45+186507...
INFO:ece2cmor3.grib_filter: Filtering grib file /nobackup/rossby27/proj/optimesm/sm_wyser/ece-run/CD45/output/ifs/016/ICMSHCD45+186508...
INFO:ece2cmor3.grib_filter: Filtering grib file /nobackup/rossby27/proj/optimesm/sm_wyser/ece-run/CD45/output/ifs/016/ICMGGCD45+186509...
INFO:ece2cmor3.grib_filter: Filtering grib file /nobackup/rossby27/proj/optimesm/sm_wyser/ece-run/CD45/output/ifs/016/ICMGGCD45+186510...
INFO:ece2cmor3.grib_filter: Filtering grib file /nobackup/rossby27/proj/optimesm/sm_wyser/ece-run/CD45/output/ifs/016/ICMSHCD45+186508...
INFO:ece2cmor3.grib_filter: Filtering grib file /nobackup/rossby27/proj/optimesm/sm_wyser/ece-run/CD45/output/ifs/016/ICMSHCD45+186509...
INFO:ece2cmor3.grib_filter: Filtering grib file /nobackup/rossby27/proj/optimesm/sm_wyser/ece-run/CD45/output/ifs/016/ICMGGCD45+186510...
INFO:ece2cmor3.grib_filter: Filtering grib file /nobackup/rossby27/proj/optimesm/sm_wyser/ece-run/CD45/output/ifs/016/ICMGGCD45+186511...
INFO:ece2cmor3.grib_filter: Filtering grib file /nobackup/rossby27/proj/optimesm/sm_wyser/ece-run/CD45/output/ifs/016/ICMSHCD45+186509...
INFO:ece2cmor3.grib_filter: Filtering grib file /nobackup/rossby27/proj/optimesm/sm_wyser/ece-run/CD45/output/ifs/016/ICMSHCD45+186510...
INFO:ece2cmor3.grib_filter: Filtering grib file /nobackup/rossby27/proj/optimesm/sm_wyser/ece-run/CD45/output/ifs/016/ICMGGCD45+186511...
INFO:ece2cmor3.grib_filter: Filtering grib file /nobackup/rossby27/proj/optimesm/sm_wyser/ece-run/CD45/output/ifs/016/ICMGGCD45+186512...
INFO:ece2cmor3.grib_filter: Filtering grib file /nobackup/rossby27/proj/optimesm/sm_wyser/ece-run/CD45/output/ifs/016/ICMSHCD45+186510...
INFO:ece2cmor3.grib_filter: Filtering grib file /nobackup/rossby27/proj/optimesm/sm_wyser/ece-run/CD45/output/ifs/016/ICMSHCD45+186511...
INFO:ece2cmor3.grib_filter: Filtering grib file /nobackup/rossby27/proj/optimesm/sm_wyser/ece-run/CD45/output/ifs/016/ICMSHCD45+186511...
INFO:ece2cmor3.grib_filter: Filtering grib file /nobackup/rossby27/proj/optimesm/sm_wyser/ece-run/CD45/output/ifs/016/ICMSHCD45+186512...
INFO:ece2cmor3.postproc: Post-processing target land in table fx from file /nobackup/rossby27/proj/optimesm/sm_wyser/ece-run/CD45/output/ifs/001/ICMGGCD45+000000 with cdo command -setgridtype,regular -seltimestep,1 -selcode,172
INFO:ece2cmor3.ifs2cmor: Post-processing variable 118 for target variable mrsol...
INFO:ece2cmor3.ifs2cmor: Post-processing variable 2 for target variable rldscs...
INFO:ece2cmor3.ifs2cmor: Post-processing variable 167 for target variable tas...
INFO:ece2cmor3.ifs2cmor: Post-processing variable 1 for target variable rsdscs...
INFO:ece2cmor3.ifs2cmor: Post-processing variable 169 for target variable rsds...
INFO:ece2cmor3.ifs2cmor: Post-processing variable 97 for target variable rsut...
INFO:ece2cmor3.ifs2cmor: Post-processing variable 166 for target variable vas...
INFO:ece2cmor3.ifs2cmor: Post-processing variable 135 for target variable wap...
INFO:ece2cmor3.ifs2cmor: Post-processing variable 28 for target variable cvh...
INFO:ece2cmor3.ifs2cmor: Post-processing variable 209 for target variable rlutcs...
INFO:ece2cmor3.ifs2cmor: Post-processing variable 201 for target variable tasmax...
INFO:ece2cmor3.ifs2cmor: Post-processing variable 212 for target variable rsdt...
INFO:ece2cmor3.postproc: Post-processing target rldscs in table Amon from file /scratch/local/CD45-ifs-1865/2.126.1.6 with cdo command -setgridtype,regular -monmean -selcode,2
INFO:ece2cmor3.postproc: Post-processing target rsdscs in table Amon from file /scratch/local/CD45-ifs-1865/1.126.1.6 with cdo command -setgridtype,regular -monmean -selcode,1
INFO:ece2cmor3.postproc: Post-processing target tas in table day from file /scratch/local/CD45-ifs-1865/167.128.105.6 with cdo command -setgridtype,regular -daymean -selcode,167
INFO:ece2cmor3.postproc: Post-processing target cvh in table HTESSELmon from file /scratch/local/CD45-ifs-1865/172.128.1_28.128.1.6 with cdo command -setgridtype,regular -monmean -expr,'var28=(var28)/(var172>0.5)' -selcode,28,28,172
INFO:ece2cmor3.postproc: Post-processing target tasmax in table day from file /scratch/local/CD45-ifs-1865/201.128.105.6 with cdo command -daymax -setgridtype,regular -selcode,201
INFO:ece2cmor3.postproc: Post-processing target rlutcs in table Amon from file /scratch/local/CD45-ifs-1865/209.128.1.6 with cdo command -setgridtype,regular -monmean -selcode,209
INFO:ece2cmor3.postproc: Post-processing target rsdt in table Amon from file /scratch/local/CD45-ifs-1865/212.128.1.6 with cdo command -setgridtype,regular -monmean -selcode,212
INFO:ece2cmor3.postproc: Post-processing target rsds in table Amon from file /scratch/local/CD45-ifs-1865/169.128.1.6 with cdo command -setgridtype,regular -monmean -selcode,169
INFO:ece2cmor3.postproc: Post-processing target rsut in table Amon from file /scratch/local/CD45-ifs-1865/178.128.1_212.128.1.6 with cdo command -setgridtype,regular -monmean -expr,'var97=var178-var212' -selcode,178,212
INFO:ece2cmor3.postproc: Post-processing target vas in table day from file /scratch/local/CD45-ifs-1865/166.128.105.6 with cdo command -setgridtype,regular -daymean -selcode,166
INFO:ece2cmor3.postproc: Post-processing target mrsol in table Emon from file /scratch/local/CD45-ifs-1865/172.128.1_39.128.111_40.128.111_41.128.111_42.128.111.6 with cdo command -setgridtype,regularnn -setcode,118 -monmean -expr,'var1=(70*var39)/(var172>0.5);var2=(210*var40)/(var172>0.5);var3=(720*var41)/(var172>0.5);var4=(1890*var42)/(var172>0.5)' -selcode,39,40,41,42,172
INFO:ece2cmor3.ifs2cmor: Cmorizing source variable 201 to target variable tasmax...
INFO:ece2cmor3.ifs2cmor: Cmorizing source variable 166 to target variable vas...
INFO:ece2cmor3.ifs2cmor: Loading CMOR table day...
INFO:ece2cmor3.ifs2cmor: Creating time axis using variable tasmax...
INFO:ece2cmor3.ifs2cmor: Cmorizing source variable 97 to target variable rsut...
INFO:ece2cmor3.ifs2cmor: Loading CMOR table day...
INFO:ece2cmor3.ifs2cmor: Creating time axis using variable vas...
INFO:ece2cmor3.ifs2cmor: Cmorizing source variable 169 to target variable rsds...
INFO:ece2cmor3.ifs2cmor: Loading CMOR table Amon...
INFO:ece2cmor3.ifs2cmor: Creating time axis using variable rsut...
INFO:ece2cmor3.ifs2cmor: Cmorizing source variable 167 to target variable tas...
INFO:ece2cmor3.ifs2cmor: Loading CMOR table Amon...
INFO:ece2cmor3.ifs2cmor: Creating time axis using variable rsds...
INFO:ece2cmor3.ifs2cmor: Loading CMOR table day...
INFO:ece2cmor3.ifs2cmor: Creating time axis using variable tas...
INFO:ece2cmor3.ifs2cmor: Cmorizing source variable 209 to target variable rlutcs...
INFO:ece2cmor3.ifs2cmor: Post-processing variable 129 for target variable orog...
INFO:ece2cmor3.ifs2cmor: Cmorizing source variable 2 to target variable rldscs...
INFO:ece2cmor3.ifs2cmor: Cmorizing source variable 1 to target variable rsdscs...
INFO:ece2cmor3.postproc: Post-processing target orog in table fx from file /nobackup/rossby27/proj/optimesm/sm_wyser/ece-run/CD45/output/ifs/001/ICMGGCD45+000000 with cdo command -setgridtype,regular -seltimestep,1 -selcode,129
INFO:ece2cmor3.ifs2cmor: Post-processing variable 99 for target variable mrsos...
INFO:ece2cmor3.postproc: Post-processing target mrsos in table Lmon from file /scratch/local/CD45-ifs-1865/172.128.1_39.128.111_40.128.111.6 with cdo command -setgridtype,regularnn -monmean -expr,'var99=(70*var39+30*var40)/(var172>0.5)' -selcode,39,40,172
INFO:ece2cmor3.ifs2cmor: Cmorizing source variable 129 to target variable orog...
INFO:ece2cmor3.ifs2cmor: Cmorizing source variable 212 to target variable rsdt...
INFO:ece2cmor3.ifs2cmor: Cmorizing source variable 28 to target variable cvh...
INFO:ece2cmor3.ifs2cmor: Loading CMOR table Amon...
INFO:ece2cmor3.ifs2cmor: Creating time axis using variable rlutcs...
INFO:ece2cmor3.ifs2cmor: Loading CMOR table Amon...
INFO:ece2cmor3.ifs2cmor: Creating time axis using variable rldscs...
INFO:ece2cmor3.ifs2cmor: Loading CMOR table Amon...
INFO:ece2cmor3.ifs2cmor: Creating time axis using variable rsdscs...
INFO:ece2cmor3.ifs2cmor: Loading CMOR table fx...
INFO:ece2cmor3.ifs2cmor: Loading CMOR table HTESSELmon...
INFO:ece2cmor3.ifs2cmor: Creating time axis using variable cvh...
INFO:ece2cmor3.ifs2cmor: Loading CMOR table Amon...
INFO:ece2cmor3.ifs2cmor: Creating time axis using variable rsdt...
INFO:ece2cmor3.ifs2cmor: Post-processing variable 164 for target variable clt...
INFO:ece2cmor3.postproc: Post-processing target clt in table Amon from file /scratch/local/CD45-ifs-1865/164.128.1.6 with cdo command -setgridtype,regular -monmean -selcode,164
INFO:ece2cmor3.ifs2cmor: Post-processing variable 164 for target variable clt...
INFO:ece2cmor3.ifs2cmor: Post-processing variable 31 for target variable siconca...
INFO:ece2cmor3.ifs2cmor: Post-processing variable 67 for target variable laiHv...
INFO:ece2cmor3.ifs2cmor: Post-processing variable 96 for target variable rlus...
INFO:ece2cmor3.ifs2cmor: Post-processing variable 66 for target variable laiLv...
INFO:ece2cmor3.postproc: Post-processing target clt in table day from file /scratch/local/CD45-ifs-1865/164.128.1.6 with cdo command -setgridtype,regular -daymean -selcode,164
INFO:ece2cmor3.postproc: Post-processing target wap in table day from file /scratch/local/CD45-ifs-1865/135.128.210.6 with cdo command -sp2gpl -daymean -sellevel,100000.,85000.,70000.,50000.,25000.,10000.,5000.,1000. -selzaxis,pressure -selcode,135
INFO:ece2cmor3.postproc: Post-processing target siconca in table SIday from file /scratch/local/CD45-ifs-1865/172.128.1_31.128.1.6 with cdo command -setgridtype,regular -setmisstoc,0 -daymean -expr,'var31=var31/(var172<=0.5)' -selcode,31,172
INFO:ece2cmor3.postproc: Post-processing target laiHv in table HTESSELday from file /scratch/local/CD45-ifs-1865/172.128.1_67.128.1.6 with cdo command -setgridtype,regular -daymean -expr,'var67=(var67)/(var172>0.5)' -selcode,67,67,172
INFO:ece2cmor3.postproc: Post-processing target laiLv in table HTESSELday from file /scratch/local/CD45-ifs-1865/172.128.1_66.128.1.6 with cdo command -setgridtype,regular -daymean -expr,'var66=(var66)/(var172>0.5)' -selcode,66,66,172
INFO:ece2cmor3.postproc: Post-processing target rlus in table Amon from file /scratch/local/CD45-ifs-1865/175.128.1_177.128.1.6 with cdo command -setgridtype,regular -monmean -expr,'var96=var177-var175' -selcode,177,175
INFO:ece2cmor3.ifs2cmor: Cmorizing source variable 96 to target variable rlus...
INFO:ece2cmor3.ifs2cmor: Loading CMOR table Amon...
INFO:ece2cmor3.ifs2cmor: Cmorizing source variable 164 to target variable clt...
INFO:ece2cmor3.ifs2cmor: Loading CMOR table day...
INFO:ece2cmor3.ifs2cmor: Creating time axis using variable clt...
INFO:ece2cmor3.ifs2cmor: Post-processing variable 130 for target variable ta...
INFO:ece2cmor3.ifs2cmor: Cmorizing source variable 66 to target variable laiLv...
INFO:ece2cmor3.ifs2cmor: Loading CMOR table HTESSELday...
INFO:ece2cmor3.ifs2cmor: Creating time axis using variable laiLv...
INFO:ece2cmor3.ifs2cmor: Cmorizing source variable 164 to target variable clt...
INFO:ece2cmor3.ifs2cmor: Loading CMOR table Amon...
INFO:ece2cmor3.ifs2cmor: Post-processing variable 131 for target variable rsuscs...
INFO:ece2cmor3.postproc: Post-processing target rsuscs in table Amon from file /scratch/local/CD45-ifs-1865/169.128.1_176.128.1_210.128.1.6 with cdo command -setgridtype,regular -monmean -expr,'var131=(var176>1e-10)*var210*(1-var169/var176)' -selcode,176,210,169
INFO:ece2cmor3.ifs2cmor: Post-processing variable 179 for target variable rlut...
INFO:ece2cmor3.postproc: Post-processing target rlut in table Amon from file /scratch/local/CD45-ifs-1865/179.128.1.6 with cdo command -setgridtype,regular -monmean -selcode,179
INFO:ece2cmor3.postproc: Post-processing target ta in table day from file /scratch/local/CD45-ifs-1865/130.128.210.6 with cdo command -sp2gpl -daymean -sellevel,100000.,85000.,70000.,50000.,25000.,10000.,5000.,1000. -selzaxis,pressure -selcode,130
INFO:ece2cmor3.ifs2cmor: Post-processing variable 131 for target variable ua...
INFO:ece2cmor3.ifs2cmor: Post-processing variable 28 for target variable cvh...
INFO:ece2cmor3.postproc: Post-processing target cvh in table HTESSELday from file /scratch/local/CD45-ifs-1865/172.128.1_28.128.1.6 with cdo command -setgridtype,regular -daymean -expr,'var28=(var28)/(var172>0.5)' -selcode,28,28,172
INFO:ece2cmor3.ifs2cmor: Cmorizing source variable 172 to target variable sftlf...
INFO:ece2cmor3.ifs2cmor: Loading CMOR table fx...
INFO:ece2cmor3.ifs2cmor: Post-processing variable 79 for target variable clivi...
INFO:ece2cmor3.ifs2cmor: Post-processing variable 29 for target variable tvl...
INFO:ece2cmor3.postproc: Post-processing target clivi in table Amon from file /scratch/local/CD45-ifs-1865/79.128.1.6 with cdo command -setgridtype,regular -monmean -selcode,79
INFO:ece2cmor3.postproc: Post-processing target tvl in table HTESSELmon from file /scratch/local/CD45-ifs-1865/172.128.1_29.128.1.6 with cdo command -setgridtype,regularnn -monmean -expr,'var29=(var29)/(var172>0.5)' -selcode,29,29,172
INFO:ece2cmor3.ifs2cmor: Cmorizing source variable 99 to target variable mrsos...
INFO:ece2cmor3.ifs2cmor: Loading CMOR table Lmon...
INFO:ece2cmor3.ifs2cmor: Creating time axis using variable mrsos...
INFO:ece2cmor3.ifs2cmor: Creating soil depth axis 1 using variable mrsos...
INFO:ece2cmor3.ifs2cmor: Post-processing variable 165 for target variable uas...
INFO:ece2cmor3.postproc: Post-processing target uas in table day from file /scratch/local/CD45-ifs-1865/165.128.105.6 with cdo command -setgridtype,regular -daymean -selcode,165
INFO:ece2cmor3.ifs2cmor: Cmorizing source variable 67 to target variable laiHv...
INFO:ece2cmor3.ifs2cmor: Loading CMOR table HTESSELday...
INFO:ece2cmor3.ifs2cmor: Creating time axis using variable laiHv...
INFO:ece2cmor3.postproc: Post-processing target ua in table day from file /scratch/local/CD45-ifs-1865/131.128.210.6 with cdo command -sp2gpl -daymean -sellevel,100000.,85000.,70000.,50000.,25000.,10000.,5000.,1000. -selzaxis,pressure -selcode,131
INFO:ece2cmor3.ifs2cmor: Cmorizing source variable 31 to target variable siconca...
INFO:ece2cmor3.ifs2cmor: Cmorizing source variable 131 to target variable rsuscs...
INFO:ece2cmor3.ifs2cmor: Loading CMOR table Amon...
INFO:ece2cmor3.ifs2cmor: Loading CMOR table SIday...
INFO:ece2cmor3.ifs2cmor: Creating time axis using variable siconca...
INFO:ece2cmor3.ifs2cmor: Cmorizing source variable 179 to target variable rlut...
INFO:ece2cmor3.ifs2cmor: Loading CMOR table Amon...
INFO:ece2cmor3.ifs2cmor: Creating time axis using variable rlut...
INFO:ece2cmor3.ifs2cmor: Post-processing variable 202 for target variable tasmin...
INFO:ece2cmor3.postproc: Post-processing target tasmin in table day from file /scratch/local/CD45-ifs-1865/202.128.105.6 with cdo command -daymin -setgridtype,regular -selcode,202
INFO:ece2cmor3.ifs2cmor: Post-processing variable 103 for target variable rsutcs...
INFO:ece2cmor3.postproc: Post-processing target rsutcs in table Amon from file /scratch/local/CD45-ifs-1865/208.128.1_212.128.1.6 with cdo command -setgridtype,regular -monmean -expr,'var103=var208-var212' -selcode,208,212
INFO:ece2cmor3.ifs2cmor: Cmorizing source variable 165 to target variable uas...
INFO:ece2cmor3.ifs2cmor: Cmorizing source variable 79 to target variable clivi...
INFO:ece2cmor3.ifs2cmor: Loading CMOR table day...
INFO:ece2cmor3.ifs2cmor: Creating time axis using variable uas...
INFO:ece2cmor3.ifs2cmor: Loading CMOR table Amon...
INFO:ece2cmor3.ifs2cmor: Creating time axis using variable clivi...
INFO:ece2cmor3.ifs2cmor: Post-processing variable 27 for target variable cvl...
INFO:ece2cmor3.postproc: Post-processing target cvl in table HTESSELmon from file /scratch/local/CD45-ifs-1865/172.128.1_27.128.1.6 with cdo command -setgridtype,regular -monmean -expr,'var27=(var27)/(var172>0.5)' -selcode,27,27,172
INFO:ece2cmor3.ifs2cmor: Cmorizing source variable 28 to target variable cvh...
INFO:ece2cmor3.ifs2cmor: Loading CMOR table HTESSELday...
INFO:ece2cmor3.ifs2cmor: Creating time axis using variable cvh...
INFO:ece2cmor3.ifs2cmor: Cmorizing source variable 202 to target variable tasmin...
INFO:ece2cmor3.ifs2cmor: Loading CMOR table day...
INFO:ece2cmor3.ifs2cmor: Cmorizing source variable 103 to target variable rsutcs...
INFO:ece2cmor3.ifs2cmor: Loading CMOR table Amon...
INFO:ece2cmor3.ifs2cmor: Cmorizing source variable 29 to target variable tvl...
INFO:ece2cmor3.ifs2cmor: Loading CMOR table HTESSELmon...
INFO:ece2cmor3.ifs2cmor: Post-processing variable 146 for target variable hfss...
INFO:ece2cmor3.ifs2cmor: Post-processing variable 147 for target variable hfls...
INFO:ece2cmor3.postproc: Post-processing target hfss in table day from file /scratch/local/CD45-ifs-1865/146.128.1.6 with cdo command -setgridtype,regular -daymean -selcode,146
INFO:ece2cmor3.postproc: Post-processing target hfls in table day from file /scratch/local/CD45-ifs-1865/147.128.1.6 with cdo command -setgridtype,regular -daymean -selcode,147
INFO:ece2cmor3.ifs2cmor: Cmorizing source variable 147 to target variable hfls...
INFO:ece2cmor3.ifs2cmor: Loading CMOR table day...
INFO:ece2cmor3.ifs2cmor: Creating time axis using variable hfls...
INFO:ece2cmor3.ifs2cmor: Cmorizing source variable 146 to target variable hfss...
INFO:ece2cmor3.ifs2cmor: Loading CMOR table day...
INFO:ece2cmor3.ifs2cmor: Cmorizing source variable 27 to target variable cvl...
INFO:ece2cmor3.ifs2cmor: Loading CMOR table HTESSELmon...
INFO:ece2cmor3.ifs2cmor: Creating time axis using variable cvl...
INFO:ece2cmor3.ifs2cmor: Post-processing variable 157 for target variable hur...
INFO:ece2cmor3.ifs2cmor: Post-processing variable 130 for target variable ta...
INFO:ece2cmor3.ifs2cmor: Post-processing variable 167 for target variable tas...
INFO:ece2cmor3.postproc: Post-processing target tas in table Amon from file /scratch/local/CD45-ifs-1865/167.128.105.6 with cdo command -setgridtype,regular -monmean -selcode,167
INFO:ece2cmor3.postproc: Post-processing target ta in table Amon from file /scratch/local/CD45-ifs-1865/130.128.210.6 with cdo command -sp2gpl -monmean -sellevel,100000.,92500.,85000.,70000.,60000.,50000.,40000.,30000.,25000.,20000.,15000.,10000.,7000.,5000.,3000.,2000.,1000.,500.,100. -selzaxis,pressure -selcode,130
INFO:ece2cmor3.ifs2cmor: Post-processing variable 132 for target variable va...
INFO:ece2cmor3.postproc: Post-processing target hur in table day from file /scratch/local/CD45-ifs-1865/157.128.210.6 with cdo command -sp2gpl -daymean -sellevel,100000.,85000.,70000.,50000.,25000.,10000.,5000.,1000. -selzaxis,pressure -selcode,157
INFO:ece2cmor3.ifs2cmor: Cmorizing source variable 167 to target variable tas...
INFO:ece2cmor3.ifs2cmor: Loading CMOR table Amon...
INFO:ece2cmor3.ifs2cmor: Post-processing variable 66 for target variable laiLv...
INFO:ece2cmor3.postproc: Post-processing target laiLv in table HTESSELmon from file /scratch/local/CD45-ifs-1865/172.128.1_66.128.1.6 with cdo command -setgridtype,regular -monmean -expr,'var66=(var66)/(var172>0.5)' -selcode,66,66,172
INFO:ece2cmor3.postproc: Post-processing target va in table day from file /scratch/local/CD45-ifs-1865/132.128.210.6 with cdo command -sp2gpl -daymean -sellevel,100000.,85000.,70000.,50000.,25000.,10000.,5000.,1000. -selzaxis,pressure -selcode,132
INFO:ece2cmor3.ifs2cmor: Post-processing variable 201 for target variable tasmax...
INFO:ece2cmor3.postproc: Post-processing target tasmax in table Amon from file /scratch/local/CD45-ifs-1865/201.128.105.6 with cdo command -monmean -daymax -setgridtype,regular -selcode,201
INFO:ece2cmor3.ifs2cmor: Post-processing variable 43 for target variable mrso...
INFO:ece2cmor3.postproc: Post-processing target mrso in table Lmon from file /scratch/local/CD45-ifs-1865/172.128.1_39.128.111_40.128.111_41.128.111_42.128.111.6 with cdo command -setgridtype,regularnn -monmean -expr,'var43=(70*var39+210*var40+720*var41+1890*var42)/(var172>0.5)' -selcode,39,40,41,42,172
INFO:ece2cmor3.ifs2cmor: Cmorizing source variable 118 to target variable mrsol...
INFO:ece2cmor3.ifs2cmor: Cmorizing source variable 201 to target variable tasmax...
INFO:ece2cmor3.ifs2cmor: Loading CMOR table Amon...
INFO:ece2cmor3.ifs2cmor: Loading CMOR table Emon...
INFO:ece2cmor3.ifs2cmor: Creating time axis using variable mrsol...
INFO:ece2cmor3.ifs2cmor: Post-processing variable 202 for target variable tasmin...
INFO:ece2cmor3.postproc: Post-processing target tasmin in table Amon from file /scratch/local/CD45-ifs-1865/202.128.105.6 with cdo command -monmean -daymin -setgridtype,regular -selcode,202
INFO:ece2cmor3.ifs2cmor: Post-processing variable 95 for target variable rsus...
INFO:ece2cmor3.ifs2cmor: Creating soil depth axis using variable mrsol...
INFO:ece2cmor3.postproc: Post-processing target rsus in table Amon from file /scratch/local/CD45-ifs-1865/169.128.1_176.128.1.6 with cdo command -setgridtype,regular -monmean -expr,'var95=var176-var169' -selcode,176,169
INFO:ece2cmor3.ifs2cmor: Post-processing variable 175 for target variable rlds...
INFO:ece2cmor3.postproc: Post-processing target rlds in table Amon from file /scratch/local/CD45-ifs-1865/175.128.1.6 with cdo command -setgridtype,regular -monmean -selcode,175
INFO:ece2cmor3.ifs2cmor: Cmorizing source variable 66 to target variable laiLv...
INFO:ece2cmor3.ifs2cmor: Loading CMOR table HTESSELmon...
INFO:ece2cmor3.ifs2cmor: Creating time axis using variable laiLv...
INFO:ece2cmor3.ifs2cmor: Post-processing variable 118 for target variable mrsol...
INFO:ece2cmor3.postproc: Post-processing target mrsol in table Eday from file /scratch/local/CD45-ifs-1865/172.128.1_39.128.111_40.128.111_41.128.111_42.128.111.6 with cdo command -setgridtype,regularnn -setcode,118 -daymean -expr,'var1=(70*var39)/(var172>0.5);var2=(210*var40)/(var172>0.5);var3=(720*var41)/(var172>0.5);var4=(1890*var42)/(var172>0.5)' -selcode,39,40,41,42,172
INFO:ece2cmor3.ifs2cmor: Post-processing variable 214 for target variable sfcWind...
INFO:ece2cmor3.postproc: Post-processing target sfcWind in table Amon from file /scratch/local/CD45-ifs-1865/165.128.105_166.128.105.6 with cdo command -setgridtype,regular -monmean -expr,'var214=sqrt(sqr(var165)+sqr(var166))' -selcode,165,166
INFO:ece2cmor3.ifs2cmor: Cmorizing source variable 95 to target variable rsus...
INFO:ece2cmor3.ifs2cmor: Loading CMOR table Amon...
INFO:ece2cmor3.ifs2cmor: Cmorizing source variable 202 to target variable tasmin...
INFO:ece2cmor3.ifs2cmor: Loading CMOR table Amon...
INFO:ece2cmor3.ifs2cmor: Post-processing variable 205 for target variable mrro...
INFO:ece2cmor3.ifs2cmor: Post-processing variable 81 for target variable huss...
INFO:ece2cmor3.postproc: Post-processing target mrro in table day from file /scratch/local/CD45-ifs-1865/205.128.1.6_172.128.1.6 with cdo command -setgridtype,regular -daymean -expr,'var205=(var205)/(var172>0.5)' -selcode,205,205,172
INFO:ece2cmor3.postproc: Post-processing target huss in table day from file /scratch/local/CD45-ifs-1865/134.128.1_168.128.105.6 with cdo command -setgridtype,regular -daymean -expr,'var81=1./(1.+1.608*(var134*exp(-17.62*(var168-273.15)/(var168-30.03))/611.-1.))' -selcode,134,168
INFO:ece2cmor3.ifs2cmor: Cmorizing source variable 175 to target variable rlds...
INFO:ece2cmor3.ifs2cmor: Loading CMOR table Amon...
INFO:ece2cmor3.ifs2cmor: Creating time axis using variable rlds...
INFO:ece2cmor3.ifs2cmor: Post-processing variable 27 for target variable cvl...
INFO:ece2cmor3.ifs2cmor: Cmorizing source variable 130 to target variable ta...
INFO:ece2cmor3.postproc: Post-processing target cvl in table HTESSELday from file /scratch/local/CD45-ifs-1865/172.128.1_27.128.1.6 with cdo command -setgridtype,regular -daymean -expr,'var27=(var27)/(var172>0.5)' -selcode,27,27,172
INFO:ece2cmor3.ifs2cmor: Loading CMOR table day...
INFO:ece2cmor3.ifs2cmor: Creating time axis using variable ta...
INFO:ece2cmor3.ifs2cmor: Cmorizing source variable 43 to target variable mrso...
INFO:ece2cmor3.ifs2cmor: Loading CMOR table Lmon...
INFO:ece2cmor3.ifs2cmor: Creating time axis using variable mrso...
INFO:ece2cmor3.ifs2cmor: Cmorizing source variable 214 to target variable sfcWind...
INFO:ece2cmor3.ifs2cmor: Cmorizing source variable 81 to target variable huss...
INFO:ece2cmor3.ifs2cmor: Cmorizing source variable 135 to target variable wap...
INFO:ece2cmor3.ifs2cmor: Loading CMOR table day...
INFO:ece2cmor3.ifs2cmor: Creating time axis using variable huss...
INFO:ece2cmor3.ifs2cmor: Loading CMOR table Amon...
INFO:ece2cmor3.ifs2cmor: Creating time axis using variable sfcWind...
INFO:ece2cmor3.ifs2cmor: Post-processing variable 67 for target variable laiHv...
INFO:ece2cmor3.postproc: Post-processing target laiHv in table HTESSELmon from file /scratch/local/CD45-ifs-1865/172.128.1_67.128.1.6 with cdo command -setgridtype,regular -monmean -expr,'var67=(var67)/(var172>0.5)' -selcode,67,67,172
INFO:ece2cmor3.ifs2cmor: Loading CMOR table day...
INFO:ece2cmor3.ifs2cmor: Creating time axis using variable wap...
INFO:ece2cmor3.ifs2cmor: Post-processing variable 131 for target variable ua...
INFO:ece2cmor3.postproc: Post-processing target ua in table Amon from file /scratch/local/CD45-ifs-1865/131.128.210.6 with cdo command -sp2gpl -monmean -sellevel,100000.,92500.,85000.,70000.,60000.,50000.,40000.,30000.,25000.,20000.,15000.,10000.,7000.,5000.,3000.,2000.,1000.,500.,100. -selzaxis,pressure -selcode,131
INFO:ece2cmor3.ifs2cmor: Cmorizing source variable 205 to target variable mrro...
INFO:ece2cmor3.ifs2cmor: Loading CMOR table day...
INFO:ece2cmor3.ifs2cmor: Cmorizing source variable 67 to target variable laiHv...
INFO:ece2cmor3.ifs2cmor: Loading CMOR table HTESSELmon...
INFO:ece2cmor3.ifs2cmor: Creating time axis using variable laiHv...
INFO:ece2cmor3.ifs2cmor: Post-processing variable 214 for target variable sfcWind...
INFO:ece2cmor3.postproc: Post-processing target sfcWind in table day from file /scratch/local/CD45-ifs-1865/165.128.105_166.128.105.6 with cdo command -setgridtype,regular -daymean -expr,'var214=sqrt(sqr(var165)+sqr(var166))' -selcode,165,166
INFO:ece2cmor3.ifs2cmor: Cmorizing source variable 27 to target variable cvl...
INFO:ece2cmor3.ifs2cmor: Loading CMOR table HTESSELday...
INFO:ece2cmor3.ifs2cmor: Creating time axis using variable cvl...
INFO:ece2cmor3.ifs2cmor: Post-processing variable 180 for target variable tauu...
INFO:ece2cmor3.postproc: Post-processing target tauu in table Amon from file /scratch/local/CD45-ifs-1865/180.128.1.6 with cdo command -setgridtype,regular -monmean -selcode,180
INFO:ece2cmor3.ifs2cmor: Cmorizing source variable 131 to target variable ua...
INFO:ece2cmor3.ifs2cmor: Loading CMOR table day...
INFO:ece2cmor3.ifs2cmor: Creating time axis using variable ua...
INFO:ece2cmor3.ifs2cmor: Cmorizing source variable 214 to target variable sfcWind...
INFO:ece2cmor3.ifs2cmor: Loading CMOR table day...
INFO:ece2cmor3.ifs2cmor: Cmorizing source variable 180 to target variable tauu...
INFO:ece2cmor3.ifs2cmor: Loading CMOR table Amon...
INFO:ece2cmor3.ifs2cmor: Post-processing variable 181 for target variable tauv...
INFO:ece2cmor3.postproc: Post-processing target tauv in table Amon from file /scratch/local/CD45-ifs-1865/181.128.1.6 with cdo command -setgridtype,regular -monmean -selcode,181
INFO:ece2cmor3.ifs2cmor: Post-processing variable 43 for target variable mrso...
INFO:ece2cmor3.postproc: Post-processing target mrso in table day from file /scratch/local/CD45-ifs-1865/172.128.1_39.128.111_40.128.111_41.128.111_42.128.111.6 with cdo command -setgridtype,regularnn -daymean -expr,'var43=(70*var39+210*var40+720*var41+1890*var42)/(var172>0.5)' -selcode,39,40,41,42,172
INFO:ece2cmor3.ifs2cmor: Cmorizing source variable 181 to target variable tauv...
INFO:ece2cmor3.ifs2cmor: Loading CMOR table Amon...
INFO:ece2cmor3.ifs2cmor: Post-processing variable 182 for target variable evspsbl...
INFO:ece2cmor3.ifs2cmor: Post-processing variable 141 for target variable snw...
INFO:ece2cmor3.postproc: Post-processing target evspsbl in table Amon from file /scratch/local/CD45-ifs-1865/182.128.1.6 with cdo command -setgridtype,regular -monmean -selcode,182
INFO:ece2cmor3.postproc: Post-processing target snw in table LImon from file /scratch/local/CD45-ifs-1865/141.128.1_172.128.1.6 with cdo command -setgridtype,regular -monmean -expr,'var141=(var141)/(var172>0.5)' -selcode,141,141,172
INFO:ece2cmor3.ifs2cmor: Post-processing variable 235 for target variable ts...
INFO:ece2cmor3.postproc: Post-processing target ts in table Amon from file /scratch/local/CD45-ifs-1865/235.128.1.6 with cdo command -setgridtype,regular -monmean -selcode,235
INFO:ece2cmor3.ifs2cmor: Cmorizing source variable 43 to target variable mrso...
INFO:ece2cmor3.ifs2cmor: Loading CMOR table day...
INFO:ece2cmor3.ifs2cmor: Cmorizing source variable 182 to target variable evspsbl...
INFO:ece2cmor3.ifs2cmor: Loading CMOR table Amon...
INFO:ece2cmor3.ifs2cmor: Cmorizing source variable 157 to target variable hur...
INFO:ece2cmor3.ifs2cmor: Loading CMOR table day...
INFO:ece2cmor3.ifs2cmor: Post-processing variable 166 for target variable vas...
INFO:ece2cmor3.postproc: Post-processing target vas in table Amon from file /scratch/local/CD45-ifs-1865/166.128.105.6 with cdo command -setgridtype,regular -monmean -selcode,166
INFO:ece2cmor3.ifs2cmor: Cmorizing source variable 235 to target variable ts...
INFO:ece2cmor3.ifs2cmor: Loading CMOR table Amon...
INFO:ece2cmor3.ifs2cmor: Creating time axis using variable ts...
INFO:ece2cmor3.ifs2cmor: Post-processing variable 134 for target variable albsn...
INFO:ece2cmor3.postproc: Post-processing target albsn in table Eday from file /scratch/local/CD45-ifs-1865/141.128.1_32.128.1.6 with cdo command -setgridtype,regular -daymean -setmissval,1.e+14 -expr,'var134=var141?var32:1.e+14' -selcode,141,32
INFO:ece2cmor3.ifs2cmor: Cmorizing source variable 141 to target variable snw...
INFO:ece2cmor3.ifs2cmor: Post-processing variable 132 for target variable va...
INFO:ece2cmor3.ifs2cmor: Loading CMOR table LImon...
INFO:ece2cmor3.ifs2cmor: Creating time axis using variable snw...
INFO:ece2cmor3.ifs2cmor: Post-processing variable 129 for target variable zg...
INFO:ece2cmor3.ifs2cmor: Cmorizing source variable 166 to target variable vas...
INFO:ece2cmor3.ifs2cmor: Loading CMOR table Amon...
INFO:ece2cmor3.ifs2cmor: Post-processing variable 135 for target variable wap...
INFO:ece2cmor3.postproc: Post-processing target va in table Amon from file /scratch/local/CD45-ifs-1865/132.128.210.6 with cdo command -sp2gpl -monmean -sellevel,100000.,92500.,85000.,70000.,60000.,50000.,40000.,30000.,25000.,20000.,15000.,10000.,7000.,5000.,3000.,2000.,1000.,500.,100. -selzaxis,pressure -selcode,132
INFO:ece2cmor3.ifs2cmor: Cmorizing source variable 132 to target variable va...
INFO:ece2cmor3.ifs2cmor: Loading CMOR table day...
INFO:ece2cmor3.ifs2cmor: Creating time axis using variable va...
INFO:ece2cmor3.postproc: Post-processing target wap in table Amon from file /scratch/local/CD45-ifs-1865/135.128.210.6 with cdo command -sp2gpl -monmean -sellevel,100000.,92500.,85000.,70000.,60000.,50000.,40000.,30000.,25000.,20000.,15000.,10000.,7000.,5000.,3000.,2000.,1000.,500.,100. -selzaxis,pressure -selcode,135
INFO:ece2cmor3.postproc: Post-processing target zg in table Amon from file /scratch/local/CD45-ifs-1865/129.128.210.6 with cdo command -sp2gpl -monmean -sellevel,100000.,92500.,85000.,70000.,60000.,50000.,40000.,30000.,25000.,20000.,15000.,10000.,7000.,5000.,3000.,2000.,1000.,500.,100. -selzaxis,pressure -selcode,129
INFO:ece2cmor3.ifs2cmor: Cmorizing source variable 134 to target variable albsn...
INFO:ece2cmor3.ifs2cmor: Loading CMOR table Eday...
INFO:ece2cmor3.ifs2cmor: Creating time axis using variable albsn...
INFO:ece2cmor3.ifs2cmor: Post-processing variable 146 for target variable hfss...
INFO:ece2cmor3.postproc: Post-processing target hfss in table Amon from file /scratch/local/CD45-ifs-1865/146.128.1.6 with cdo command -setgridtype,regular -monmean -selcode,146
INFO:ece2cmor3.ifs2cmor: Cmorizing source variable 118 to target variable mrsol...
INFO:ece2cmor3.ifs2cmor: Loading CMOR table Eday...
INFO:ece2cmor3.ifs2cmor: Creating time axis using variable mrsol...
INFO:ece2cmor3.ifs2cmor: Creating soil depth axis using variable mrsol...
INFO:ece2cmor3.ifs2cmor: Cmorizing source variable 146 to target variable hfss...
INFO:ece2cmor3.ifs2cmor: Loading CMOR table Amon...
INFO:ece2cmor3.ifs2cmor: Post-processing variable 157 for target variable hur...
INFO:ece2cmor3.postproc: Post-processing target hur in table Amon from file /scratch/local/CD45-ifs-1865/157.128.210.6 with cdo command -sp2gpl -monmean -sellevel,100000.,92500.,85000.,70000.,60000.,50000.,40000.,30000.,25000.,20000.,15000.,10000.,7000.,5000.,3000.,2000.,1000.,500.,100. -selzaxis,pressure -selcode,157
INFO:ece2cmor3.ifs2cmor: Post-processing variable 228 for target variable pr...
INFO:ece2cmor3.postproc: Post-processing target pr in table day from file /scratch/local/CD45-ifs-1865/228.128.1.6 with cdo command -setgridtype,regular -daymean -selcode,228
INFO:ece2cmor3.ifs2cmor: Post-processing variable 31 for target variable siconca...
INFO:ece2cmor3.postproc: Post-processing target siconca in table SImon from file /scratch/local/CD45-ifs-1865/172.128.1_31.128.1.6 with cdo command -setgridtype,regular -setmisstoc,0 -monmean -expr,'var31=var31/(var172<=0.5)' -selcode,31,172
INFO:ece2cmor3.ifs2cmor: Post-processing variable 133 for target variable hus...
INFO:ece2cmor3.ifs2cmor: Post-processing variable 133 for target variable hus...
INFO:ece2cmor3.ifs2cmor: Post-processing variable 80 for target variable hurs...
INFO:ece2cmor3.postproc: Post-processing target hurs in table Amon from file /scratch/local/CD45-ifs-1865/167.128.105_168.128.105.6 with cdo command -setgridtype,regular -monmean -expr,'var80=100.*exp(17.62*((var168-273.15)/(var168-30.03)-(var167-273.15)/(var167-30.03)))' -selcode,168,167
INFO:ece2cmor3.ifs2cmor: Cmorizing source variable 228 to target variable pr...
INFO:ece2cmor3.ifs2cmor: Loading CMOR table day...
INFO:ece2cmor3.ifs2cmor: Cmorizing source variable 31 to target variable siconca...
INFO:ece2cmor3.ifs2cmor: Loading CMOR table SImon...
INFO:ece2cmor3.ifs2cmor: Creating time axis using variable siconca...
INFO:ece2cmor3.ifs2cmor: Post-processing variable 133 for target variable hus...
INFO:ece2cmor3.postproc: Post-processing target hus in table day from file /scratch/local/CD45-ifs-1865/133.128.210.6 with cdo command -setgridtype,regular -daymean -sellevel,100000.,85000.,70000.,50000.,25000.,10000.,5000.,1000. -selzaxis,pressure -selcode,133
INFO:ece2cmor3.ifs2cmor: Post-processing variable 129 for target variable areacella...
INFO:ece2cmor3.postproc: Post-processing target hus in table Amon from file /scratch/local/CD45-ifs-1865/133.128.210.6 with cdo command -setgridtype,regular -monmean -sellevel,100000.,92500.,85000.,70000.,60000.,50000.,40000.,30000.,25000.,20000.,15000.,10000.,7000.,5000.,3000.,2000.,1000.,500.,100. -selzaxis,pressure -selcode,133
INFO:ece2cmor3.postproc: Post-processing target areacella in table fx from file /nobackup/rossby27/proj/optimesm/sm_wyser/ece-run/CD45/output/ifs/001/ICMGGCD45+000000 with cdo command -gridarea -setgridtype,regular -seltimestep,1 -selcode,129
INFO:ece2cmor3.ifs2cmor: Cmorizing source variable 80 to target variable hurs...
INFO:ece2cmor3.ifs2cmor: Loading CMOR table Amon...
INFO:ece2cmor3.ifs2cmor: Cmorizing source variable 129 to target variable areacella...
INFO:ece2cmor3.ifs2cmor: Post-processing variable 151 for target variable psl...
INFO:ece2cmor3.postproc: Post-processing target psl in table day from file /scratch/local/CD45-ifs-1865/151.128.1.6 with cdo command -setgridtype,regular -daymean -selcode,151
INFO:ece2cmor3.ifs2cmor: Loading CMOR table fx...
INFO:ece2cmor3.ifs2cmor: Post-processing variable 228 for target variable pr...
INFO:ece2cmor3.postproc: Post-processing target pr in table Amon from file /scratch/local/CD45-ifs-1865/228.128.1.6 with cdo command -setgridtype,regular -monmean -selcode,228
INFO:ece2cmor3.postproc: Post-processing target hus in table Eday from file /scratch/local/CD45-ifs-1865/133.128.210.6 with cdo command -setgridtype,regular -daymean -sellevel,100000.,92500.,85000.,70000.,60000.,50000.,40000.,30000.,25000.,20000.,15000.,10000.,7000.,5000.,3000.,2000.,1000.,500.,100. -selzaxis,pressure -selcode,133
INFO:ece2cmor3.ifs2cmor: Cmorizing source variable 151 to target variable psl...
INFO:ece2cmor3.ifs2cmor: Loading CMOR table day...
INFO:ece2cmor3.ifs2cmor: Post-processing variable 96 for target variable rlus...
INFO:ece2cmor3.ifs2cmor: Cmorizing source variable 228 to target variable pr...
INFO:ece2cmor3.postproc: Post-processing target rlus in table day from file /scratch/local/CD45-ifs-1865/175.128.1_177.128.1.6 with cdo command -setgridtype,regular -daymean -expr,'var96=var177-var175' -selcode,177,175
INFO:ece2cmor3.ifs2cmor: Loading CMOR table Amon...
INFO:ece2cmor3.ifs2cmor: Creating time axis using variable pr...
INFO:ece2cmor3.ifs2cmor: Post-processing variable 175 for target variable rlds...
INFO:ece2cmor3.postproc: Post-processing target rlds in table day from file /scratch/local/CD45-ifs-1865/175.128.1.6 with cdo command -setgridtype,regular -daymean -selcode,175
INFO:ece2cmor3.ifs2cmor: Post-processing variable 116 for target variable clwvi...
INFO:ece2cmor3.postproc: Post-processing target clwvi in table Amon from file /scratch/local/CD45-ifs-1865/78.128.1_79.128.1.6 with cdo command -setgridtype,regular -monmean -expr,'var116=var78+var79' -selcode,78,79
INFO:ece2cmor3.ifs2cmor: Cmorizing source variable 96 to target variable rlus...
INFO:ece2cmor3.ifs2cmor: Loading CMOR table day...
INFO:ece2cmor3.ifs2cmor: Cmorizing source variable 175 to target variable rlds...
INFO:ece2cmor3.ifs2cmor: Loading CMOR table day...
INFO:ece2cmor3.ifs2cmor: Post-processing variable 81 for target variable huss...
INFO:ece2cmor3.postproc: Post-processing target huss in table Amon from file /scratch/local/CD45-ifs-1865/134.128.1_168.128.105.6 with cdo command -setgridtype,regular -monmean -expr,'var81=1./(1.+1.608*(var134*exp(-17.62*(var168-273.15)/(var168-30.03))/611.-1.))' -selcode,134,168
INFO:ece2cmor3.ifs2cmor: Cmorizing source variable 116 to target variable clwvi...
INFO:ece2cmor3.ifs2cmor: Loading CMOR table Amon...
INFO:ece2cmor3.ifs2cmor: Post-processing variable 8 for target variable mrros...
INFO:ece2cmor3.postproc: Post-processing target mrros in table Lmon from file /scratch/local/CD45-ifs-1865/8.128.1.6_172.128.1.6 with cdo command -setgridtype,regular -monmean -expr,'var8=(var8)/(var172>0.5)' -selcode,8,8,172
INFO:ece2cmor3.ifs2cmor: Post-processing variable 130 for target variable ta...
INFO:ece2cmor3.postproc: Post-processing target ta in table Eday from file /scratch/local/CD45-ifs-1865/130.128.210.6 with cdo command -sp2gpl -daymean -sellevel,100000.,92500.,85000.,70000.,60000.,50000.,40000.,30000.,25000.,20000.,15000.,10000.,7000.,5000.,3000.,2000.,1000.,500.,100. -selzaxis,pressure -selcode,130
INFO:ece2cmor3.ifs2cmor: Cmorizing source variable 81 to target variable huss...
INFO:ece2cmor3.ifs2cmor: Loading CMOR table Amon...
INFO:ece2cmor3.ifs2cmor: Post-processing variable 131 for target variable ua...
INFO:ece2cmor3.postproc: Post-processing target ua in table Eday from file /scratch/local/CD45-ifs-1865/131.128.210.6 with cdo command -sp2gpl -daymean -sellevel,100000.,92500.,85000.,70000.,60000.,50000.,40000.,30000.,25000.,20000.,15000.,10000.,7000.,5000.,3000.,2000.,1000.,500.,100. -selzaxis,pressure -selcode,131
INFO:ece2cmor3.ifs2cmor: Cmorizing source variable 130 to target variable ta...
INFO:ece2cmor3.ifs2cmor: Loading CMOR table Amon...
INFO:ece2cmor3.ifs2cmor: Cmorizing source variable 8 to target variable mrros...
INFO:ece2cmor3.ifs2cmor: Loading CMOR table Lmon...
INFO:ece2cmor3.ifs2cmor: Creating time axis using variable mrros...
INFO:ece2cmor3.ifs2cmor: Post-processing variable 80 for target variable hurs...
INFO:ece2cmor3.ifs2cmor: Post-processing variable 144 for target variable prsn...
INFO:ece2cmor3.postproc: Post-processing target prsn in table Amon from file /scratch/local/CD45-ifs-1865/144.128.1.6 with cdo command -setgridtype,regular -monmean -selcode,144
INFO:ece2cmor3.postproc: Post-processing target hurs in table day from file /scratch/local/CD45-ifs-1865/167.128.105_168.128.105.6 with cdo command -setgridtype,regular -daymean -expr,'var80=100.*exp(17.62*((var168-273.15)/(var168-30.03)-(var167-273.15)/(var167-30.03)))' -selcode,168,167
INFO:ece2cmor3.ifs2cmor: Cmorizing source variable 80 to target variable hurs...
INFO:ece2cmor3.ifs2cmor: Loading CMOR table day...
INFO:ece2cmor3.ifs2cmor: Cmorizing source variable 144 to target variable prsn...
INFO:ece2cmor3.ifs2cmor: Loading CMOR table Amon...
INFO:ece2cmor3.ifs2cmor: Post-processing variable 135 for target variable wap...
INFO:ece2cmor3.ifs2cmor: Post-processing variable 147 for target variable hfls...
INFO:ece2cmor3.postproc: Post-processing target hfls in table Amon from file /scratch/local/CD45-ifs-1865/147.128.1.6 with cdo command -setgridtype,regular -monmean -selcode,147
INFO:ece2cmor3.ifs2cmor: Cmorizing source variable 133 to target variable hus...
INFO:ece2cmor3.ifs2cmor: Loading CMOR table day...
INFO:ece2cmor3.postproc: Post-processing target wap in table Eday from file /scratch/local/CD45-ifs-1865/135.128.210.6 with cdo command -sp2gpl -daymean -sellevel,100000.,92500.,85000.,70000.,60000.,50000.,40000.,30000.,25000.,20000.,15000.,10000.,7000.,5000.,3000.,2000.,1000.,500.,100. -selzaxis,pressure -selcode,135
INFO:ece2cmor3.ifs2cmor: Cmorizing source variable 147 to target variable hfls...
INFO:ece2cmor3.ifs2cmor: Loading CMOR table Amon...
INFO:ece2cmor3.ifs2cmor: Post-processing variable 137 for target variable prw...
INFO:ece2cmor3.postproc: Post-processing target prw in table Amon from file /scratch/local/CD45-ifs-1865/137.128.1.6 with cdo command -setgridtype,regular -monmean -selcode,137
INFO:ece2cmor3.ifs2cmor: Cmorizing source variable 131 to target variable ua...
INFO:ece2cmor3.ifs2cmor: Loading CMOR table Amon...
INFO:ece2cmor3.ifs2cmor: Post-processing variable 165 for target variable uas...
INFO:ece2cmor3.postproc: Post-processing target uas in table Amon from file /scratch/local/CD45-ifs-1865/165.128.105.6 with cdo command -setgridtype,regular -monmean -selcode,165
INFO:ece2cmor3.ifs2cmor: Cmorizing source variable 137 to target variable prw...
INFO:ece2cmor3.ifs2cmor: Loading CMOR table Amon...
INFO:ece2cmor3.ifs2cmor: Post-processing variable 129 for target variable zg...
INFO:ece2cmor3.ifs2cmor: Cmorizing source variable 132 to target variable va...
INFO:ece2cmor3.ifs2cmor: Loading CMOR table Amon...
INFO:ece2cmor3.postproc: Post-processing target zg in table Eday from file /scratch/local/CD45-ifs-1865/129.128.210.6 with cdo command -sp2gpl -daymean -sellevel,100000.,92500.,85000.,70000.,60000.,50000.,40000.,30000.,25000.,20000.,15000.,10000.,7000.,5000.,3000.,2000.,1000.,500.,100. -selzaxis,pressure -selcode,129
INFO:ece2cmor3.ifs2cmor: Post-processing variable 30 for target variable tvh...
INFO:ece2cmor3.postproc: Post-processing target tvh in table HTESSELmon from file /scratch/local/CD45-ifs-1865/172.128.1_30.128.1.6 with cdo command -setgridtype,regularnn -monmean -expr,'var30=(var30)/(var172>0.5)' -selcode,30,30,172
INFO:ece2cmor3.ifs2cmor: Cmorizing source variable 165 to target variable uas...
INFO:ece2cmor3.ifs2cmor: Loading CMOR table Amon...
INFO:ece2cmor3.ifs2cmor: Post-processing variable 119 for target variable snc...
INFO:ece2cmor3.postproc: Post-processing target snc in table LImon from file /scratch/local/CD45-ifs-1865/141.128.1.6 with cdo command -setgridtype,regular -monmean -expr,'var119=100*(var141>0)' -selcode,141
INFO:ece2cmor3.ifs2cmor: Post-processing variable 115 for target variable snd...
INFO:ece2cmor3.postproc: Post-processing target snd in table LImon from file /scratch/local/CD45-ifs-1865/141.128.1_33.128.1.6 with cdo command -setgridtype,regular -monmean -expr,'var115=1000*var141/var33' -selcode,141,33
INFO:ece2cmor3.ifs2cmor: Cmorizing source variable 119 to target variable snc...
INFO:ece2cmor3.ifs2cmor: Loading CMOR table LImon...
INFO:ece2cmor3.ifs2cmor: Creating time axis using variable snc...
INFO:ece2cmor3.ifs2cmor: Cmorizing source variable 115 to target variable snd...
INFO:ece2cmor3.ifs2cmor: Loading CMOR table LImon...
INFO:ece2cmor3.ifs2cmor: Creating time axis using variable snd...
INFO:ece2cmor3.ifs2cmor: Cmorizing source variable 135 to target variable wap...
INFO:ece2cmor3.ifs2cmor: Loading CMOR table Amon...
INFO:ece2cmor3.ifs2cmor: Post-processing variable 95 for target variable rsus...
INFO:ece2cmor3.postproc: Post-processing target rsus in table day from file /scratch/local/CD45-ifs-1865/169.128.1_176.128.1.6 with cdo command -setgridtype,regular -daymean -expr,'var95=var176-var169' -selcode,176,169
INFO:ece2cmor3.ifs2cmor: Post-processing variable 85 for target variable mrfso...
INFO:ece2cmor3.postproc: Post-processing target mrfso in table Lmon from file /scratch/local/CD45-ifs-1865/139.128.111_170.128.111_172.128.1_183.128.111_236.128.111_39.128.111_40.128.111_41.128.111_42.128.111.6 with cdo command -setgridtype,regularnn -monmean -expr,'var85=(1000*(0.07*var39*((var139<270.16)+0.5*(var139<274.16&&var139>270.16)*(1-sin(0.785*(var139-272.16))))+0.21*var40*((var170<270.16)+0.5*(var170<274.16&&var170>270.16)*(1-sin(0.785*(var170-272.16))))+0.72*var41*((var183<270.16)+0.5*(var183<274.16&&var183>270.16)*(1-sin(0.785*(var183-272.16))))+1.89*var42*((var236<270.16)+0.5*(var236<274.16&&var236>270.16)*(1-sin(0.785*(var236-272.16))))))/(var172>0.5)' -selcode,39,139,40,170,41,183,42,236,172
INFO:ece2cmor3.ifs2cmor: Cmorizing source variable 30 to target variable tvh...
INFO:ece2cmor3.ifs2cmor: Loading CMOR table HTESSELmon...
INFO:ece2cmor3.ifs2cmor: Cmorizing source variable 95 to target variable rsus...
INFO:ece2cmor3.ifs2cmor: Loading CMOR table day...
INFO:ece2cmor3.ifs2cmor: Cmorizing source variable 129 to target variable zg...
INFO:ece2cmor3.ifs2cmor: Loading CMOR table Amon...
INFO:ece2cmor3.ifs2cmor: Cmorizing source variable 133 to target variable hus...
INFO:ece2cmor3.ifs2cmor: Loading CMOR table Amon...
INFO:ece2cmor3.ifs2cmor: Post-processing variable 99 for target variable mrsos...
INFO:ece2cmor3.postproc: Post-processing target mrsos in table day from file /scratch/local/CD45-ifs-1865/172.128.1_39.128.111_40.128.111.6 with cdo command -setgridtype,regularnn -daymean -expr,'var99=(70*var39+30*var40)/(var172>0.5)' -selcode,39,40,172
INFO:ece2cmor3.ifs2cmor: Post-processing variable 134 for target variable ps...
INFO:ece2cmor3.postproc: Post-processing target ps in table Amon from file /scratch/local/CD45-ifs-1865/134.128.1.6 with cdo command -setgridtype,regular -monmean -selcode,134
INFO:ece2cmor3.ifs2cmor: Post-processing variable 205 for target variable mrro...
INFO:ece2cmor3.postproc: Post-processing target mrro in table Lmon from file /scratch/local/CD45-ifs-1865/205.128.1.6_172.128.1.6 with cdo command -setgridtype,regular -monmean -expr,'var205=(var205)/(var172>0.5)' -selcode,205,205,172
INFO:ece2cmor3.ifs2cmor: Cmorizing source variable 134 to target variable ps...
INFO:ece2cmor3.ifs2cmor: Loading CMOR table Amon...
INFO:ece2cmor3.ifs2cmor: Post-processing variable 151 for target variable psl...
INFO:ece2cmor3.postproc: Post-processing target psl in table Amon from file /scratch/local/CD45-ifs-1865/151.128.1.6 with cdo command -setgridtype,regular -monmean -selcode,151
INFO:ece2cmor3.ifs2cmor: Cmorizing source variable 133 to target variable hus...
INFO:ece2cmor3.ifs2cmor: Loading CMOR table Eday...
INFO:ece2cmor3.ifs2cmor: Cmorizing source variable 85 to target variable mrfso...
INFO:ece2cmor3.ifs2cmor: Loading CMOR table Lmon...
INFO:ece2cmor3.ifs2cmor: Creating time axis using variable mrfso...
INFO:ece2cmor3.ifs2cmor: Cmorizing source variable 157 to target variable hur...
INFO:ece2cmor3.ifs2cmor: Loading CMOR table Amon...
INFO:ece2cmor3.ifs2cmor: Cmorizing source variable 205 to target variable mrro...
INFO:ece2cmor3.ifs2cmor: Loading CMOR table Lmon...
INFO:ece2cmor3.ifs2cmor: Creating time axis using variable mrro...
INFO:ece2cmor3.ifs2cmor: Post-processing variable 144 for target variable prsn...
INFO:ece2cmor3.postproc: Post-processing target prsn in table day from file /scratch/local/CD45-ifs-1865/144.128.1.6 with cdo command -setgridtype,regular -daymean -selcode,144
INFO:ece2cmor3.ifs2cmor: Cmorizing source variable 151 to target variable psl...
INFO:ece2cmor3.ifs2cmor: Loading CMOR table Amon...
INFO:ece2cmor3.ifs2cmor: Cmorizing source variable 99 to target variable mrsos...
INFO:ece2cmor3.ifs2cmor: Loading CMOR table day...
INFO:ece2cmor3.ifs2cmor: Creating soil depth axis 1 using variable mrsos...
INFO:ece2cmor3.ifs2cmor: Cmorizing source variable 144 to target variable prsn...
INFO:ece2cmor3.ifs2cmor: Loading CMOR table day...
INFO:ece2cmor3.ifs2cmor: Cmorizing source variable 131 to target variable ua...
INFO:ece2cmor3.ifs2cmor: Loading CMOR table Eday...
INFO:ece2cmor3.ifs2cmor: Creating time axis using variable ua...
INFO:ece2cmor3.ifs2cmor: Cmorizing source variable 130 to target variable ta...
INFO:ece2cmor3.ifs2cmor: Loading CMOR table Eday...
INFO:ece2cmor3.ifs2cmor: Creating time axis using variable ta...
INFO:ece2cmor3.ifs2cmor: Cmorizing source variable 135 to target variable wap...
INFO:ece2cmor3.ifs2cmor: Loading CMOR table Eday...
INFO:ece2cmor3.ifs2cmor: Creating time axis using variable wap...
INFO:ece2cmor3.ifs2cmor: Cmorizing source variable 129 to target variable zg...
INFO:ece2cmor3.ifs2cmor: Loading CMOR table Eday...
INFO:ece2cmor3.ifs2cmor: Creating time axis using variable zg...
INFO:ece2cmor3.ifs2cmor: Post-processing variable 169 for target variable rsds...
INFO:ece2cmor3.postproc: Post-processing target rsds in table day from file /scratch/local/CD45-ifs-1865/169.128.1.6 with cdo command -setgridtype,regular -daymean -selcode,169
INFO:ece2cmor3.ifs2cmor: Cmorizing source variable 169 to target variable rsds...
INFO:ece2cmor3.ifs2cmor: Loading CMOR table day...
INFO:ece2cmor3.ifs2cmor: Post-processing variable 143 for target variable prc...
INFO:ece2cmor3.postproc: Post-processing target prc in table day from file /scratch/local/CD45-ifs-1865/143.128.1.6 with cdo command -setgridtype,regular -daymean -selcode,143
INFO:ece2cmor3.ifs2cmor: Cmorizing source variable 143 to target variable prc...
INFO:ece2cmor3.ifs2cmor: Loading CMOR table day...
INFO:ece2cmor3.ifs2cmor: Post-processing variable 143 for target variable prc...
INFO:ece2cmor3.postproc: Post-processing target prc in table Amon from file /scratch/local/CD45-ifs-1865/143.128.1.6 with cdo command -setgridtype,regular -monmean -selcode,143
INFO:ece2cmor3.ifs2cmor: Cmorizing source variable 143 to target variable prc...
INFO:ece2cmor3.ifs2cmor: Loading CMOR table Amon...
INFO:ece2cmor3.ifs2cmor: Post-processing variable 132 for target variable va...
INFO:ece2cmor3.postproc: Post-processing target va in table Eday from file /scratch/local/CD45-ifs-1865/132.128.210.6 with cdo command -sp2gpl -daymean -sellevel,100000.,92500.,85000.,70000.,60000.,50000.,40000.,30000.,25000.,20000.,15000.,10000.,7000.,5000.,3000.,2000.,1000.,500.,100. -selzaxis,pressure -selcode,132
INFO:ece2cmor3.ifs2cmor: Post-processing variable 179 for target variable rlut...
INFO:ece2cmor3.postproc: Post-processing target rlut in table day from file /scratch/local/CD45-ifs-1865/179.128.1.6 with cdo command -setgridtype,regular -daymean -selcode,179
INFO:ece2cmor3.ifs2cmor: Cmorizing source variable 179 to target variable rlut...
INFO:ece2cmor3.ifs2cmor: Loading CMOR table day...
INFO:ece2cmor3.ifs2cmor: Cmorizing source variable 132 to target variable va...
INFO:ece2cmor3.ifs2cmor: Loading CMOR table Eday...
WARNING:ece2cmor3.ifs2cmor: Skipped removal of nonempty work directory /scratch/local/CD45-ifs-1865

! ------
! All files were closed successfully. 
! ------
! 

real	30m17.779s
user	229m12.494s
sys	41m5.727s
