The following modules were not unloaded:
  (Use "module --force purge" to unload all):

  1) hpc/.1.8.1   2) fixmkl/.1.0
***********************************
You have loaded a Mambaforge module
***********************************

JUST LOADING THIS MODULE DOES *NOT* CHANGE THE PYTHON VERSION, NOR ENABLES ANY
EXTRA PYTHON MODULES.

This module makes available the 'mamba' and 'conda' commands from the miniforge
Mambaforge distribution,
with which users can create named anaconda-like environments and then activate
them.

To create and use a customized environment use 'mamba create ...' and
then 'mamba activate ...' (see example below).

---------------------------------------------------------------------------------------------------
NOTE: NSC strongly advices against placing 'mamba activate' (or 'conda
activate', with or without
      arguments) in your shell initialization files, (e.g. '.bashrc' or
'.bash_profile') since
      this severly alters the environment for running software in ways that
cause unpredictable
      issues that can be difficult to diagnose.
---------------------------------------------------------------------------------------------------

Example usage:

  * Setting up a customized environment and run a Python program in it:

    mamba create -n myenv python=3.8 scipy=1.5.2
    mamba activate myenv
    python my_scipy_python_program.py

  * To run the python program in the same environment when logging in the next
time:

    mabma activate myenv
    python my_scipy_python_program.py

The miniforge Mambaforge distribution aims to be command-line compatible with
Anaconda.
More details on Anaconda environment management are available here:


https://docs.conda.io/projects/conda/en/latest/user-guide/tasks/manage-environments.html


Start processing experiment CD46, component nemo and 178
CRITICAL:ece2cmor3.ece2cmor: Your data directory argument /nobackup/rossby27/proj/optimesm/sm_wyser/ece-run/CD46/output/nemo/178 cannot be found.
 Exiting ece2cmor.

real	0m0.669s
user	0m0.316s
sys	0m0.131s
