The following modules were not unloaded:
  (Use "module --force purge" to unload all):

  1) hpc/.1.8.1
***********************************
You have loaded a Mambaforge module
***********************************

JUST LOADING THIS MODULE DOES *NOT* CHANGE THE PYTHON VERSION, NOR ENABLES ANY
EXTRA PYTHON MODULES.

This module makes available the 'mamba' and 'conda' commands from the miniforge
Mambaforge distribution,
with which users can create named anaconda-like environments and then activate
them.

To create and use a customized environment use 'mamba create ...' and
then 'mamba activate ...' (see example below).

---------------------------------------------------------------------------------------------------
NOTE: NSC strongly advices against placing 'mamba activate' (or 'conda
activate', with or without
      arguments) in your shell initialization files, (e.g. '.bashrc' or
'.bash_profile') since
      this severly alters the environment for running software in ways that
cause unpredictable
      issues that can be difficult to diagnose.
---------------------------------------------------------------------------------------------------

Example usage:

  * Setting up a customized environment and run a Python program in it:

    mamba create -n myenv python=3.8 scipy=1.5.2
    mamba activate myenv
    python my_scipy_python_program.py

  * To run the python program in the same environment when logging in the next
time:

    mabma activate myenv
    python my_scipy_python_program.py

The miniforge Mambaforge distribution aims to be command-line compatible with
Anaconda.
More details on Anaconda environment management are available here:


https://docs.conda.io/projects/conda/en/latest/user-guide/tasks/manage-environments.html


Start processing experiment CD11, component nemo and 438
INFO:ece2cmor3.ece2cmorlib: ece2cmor3 version v2.4.0 based on the master branch
INFO:ece2cmor3.ece2cmorlib: ece2cmor_git_revision 8b07ae5c with the long hash: 8b07ae5cb14677583c658d50b27866a72aa53b64
INFO:ece2cmor3.ece2cmorlib: Python 3.11.8 | packaged by conda-forge | (main, Feb 16 2024, 20:53:32) [GC  12.3.0]
INFO:ece2cmor3.ece2cmorlib: cdo 2.3.0
INFO:ece2cmor3.ece2cmorlib: CDO_PY_VERSION: 1.6.0
INFO:ece2cmor3.ece2cmorlib: CMOR library: CMOR3.8.0
INFO:ece2cmor3.ece2cmorlib: dreqPy 01.02.00 is loaded
DEBUG:git.cmd: Popen(['git', 'version'], cwd=/home/sm_wyser/cmorize/ece2cmor3/ece2cmor3, stdin=None, shell=False, universal_newlines=False)
DEBUG:git.cmd: Popen(['git', 'version'], cwd=/home/sm_wyser/cmorize/ece2cmor3/ece2cmor3, stdin=None, shell=False, universal_newlines=False)
DEBUG:git.cmd: Popen(['git', 'cat-file', '--batch-check'], cwd=/home/sm_wyser/cmorize/ece2cmor3, stdin=<valid stream>, shell=False, universal_newlines=False)
DEBUG:git.cmd: Popen(['git', 'diff', '--cached', '--abbrev=40', '--full-index', '--raw'], cwd=/home/sm_wyser/cmorize/ece2cmor3, stdin=None, shell=False, universal_newlines=False)
DEBUG:git.cmd: Popen(['git', 'diff', '--abbrev=40', '--full-index', '--raw'], cwd=/home/sm_wyser/cmorize/ece2cmor3, stdin=None, shell=False, universal_newlines=False)
DEBUG:git.cmd: Popen(['git', 'cat-file', '--batch-check'], cwd=/home/sm_wyser/cmorize/ece2cmor3, stdin=<valid stream>, shell=False, universal_newlines=False)
DEBUG:git.cmd: Popen(['git', 'diff', '--cached', '--abbrev=40', '--full-index', '--raw'], cwd=/home/sm_wyser/cmorize/ece2cmor3, stdin=None, shell=False, universal_newlines=False)
DEBUG:git.cmd: Popen(['git', 'diff', '--abbrev=40', '--full-index', '--raw'], cwd=/home/sm_wyser/cmorize/ece2cmor3, stdin=None, shell=False, universal_newlines=False)
INFO:ece2cmor3.ece2cmorlib: Metadata attribute activity_id: CMIP
INFO:ece2cmor3.ece2cmorlib: Metadata attribute experiment_id: esm-piControl
INFO:ece2cmor3.ece2cmorlib: Metadata attribute source_id: EC-Earth3-ESM-1
INFO:ece2cmor3.ece2cmorlib: Metadata attribute source: EC-Earth3-ESM-1 (2024)
INFO:ece2cmor3.ece2cmorlib: Metadata attribute source_type: AOGCM BGC
INFO:ece2cmor3.ece2cmorlib: Metadata attribute grid: ORCA1L75
INFO:ece2cmor3.ece2cmorlib: Metadata attribute grid_label: gn
INFO:ece2cmor3.ece2cmorlib: Metadata attribute nominal_resolution: 100 km
INFO:ece2cmor3.ece2cmorlib: Metadata attribute sub_experiment: none
INFO:ece2cmor3.ece2cmorlib: Metadata attribute sub_experiment_id: none
INFO:ece2cmor3.ece2cmorlib: Metadata attribute realization_index: 1
INFO:ece2cmor3.ece2cmorlib: Metadata attribute initialization_index: 1
INFO:ece2cmor3.ece2cmorlib: Metadata attribute physics_index: 1
INFO:ece2cmor3.ece2cmorlib: Metadata attribute forcing_index: 1
INFO:ece2cmor3.ece2cmorlib: Metadata attribute #variant_info: uncomment and describe briefly what makes your ripf identifier unique (only needed if i/=1, p/=1 or f/=1)
INFO:ece2cmor3.ece2cmorlib: Metadata attribute parent_activity_id: CMIP
INFO:ece2cmor3.ece2cmorlib: Metadata attribute parent_experiment_id: esm-piControl-spinup
INFO:ece2cmor3.ece2cmorlib: Metadata attribute parent_source_id: EC-Earth3-ESM-1
INFO:ece2cmor3.ece2cmorlib: Metadata attribute parent_variant_label: r1i1p1f1
INFO:ece2cmor3.ece2cmorlib: Metadata attribute parent_time_units: days since 2000-01-01
INFO:ece2cmor3.ece2cmorlib: Metadata attribute branch_method: standard
INFO:ece2cmor3.ece2cmorlib: Metadata attribute branch_time_in_child: 0.0D
INFO:ece2cmor3.ece2cmorlib: Metadata attribute branch_time_in_parent: 84006.0D
INFO:ece2cmor3.ece2cmorlib: Metadata attribute comment: This experiment was done as part of OptimESM (https://optimesm-he.eu/) by SMHI
INFO:ece2cmor3.ece2cmorlib: Metadata attribute _control_vocabulary_file: CMIP6_CV.json
INFO:ece2cmor3.ece2cmorlib: Metadata attribute _cmip6_option: CMIP6
INFO:ece2cmor3.ece2cmorlib: Metadata attribute mip_era: CMIP6
INFO:ece2cmor3.ece2cmorlib: Metadata attribute parent_mip_era: CMIP6
INFO:ece2cmor3.ece2cmorlib: Metadata attribute license: CMIP6 model data produced by EC-Earth-Consortium is licensed under a Creative Commons Attribution 4.0 International License (https://creativecommons.org/licenses). Consult https://pcmdi.llnl.gov/CMIP6/TermsOfUse for terms of use governing CMIP6 output, including citation requirements and proper acknowledgment. Further information about this data, including some limitations, can be found via the further_info_url (recorded as a global attribute in this file) and at http://www.ec-earth.org. The data producers and data providers make no warranty, either express or implied, including, but not limited to, warranties of merchantability and fitness for a particular purpose. All liabilities arising from the supply of the information (including any liability arising in negligence) are excluded to the fullest extent permitted by law.
INFO:ece2cmor3.ece2cmorlib: Metadata attribute tracking_prefix: hdl:21.14100
INFO:ece2cmor3.ece2cmorlib: Metadata attribute institution_id: EC-Earth-Consortium
INFO:ece2cmor3.ece2cmorlib: Metadata attribute contact: cmip6-data@ec-earth.org
INFO:ece2cmor3.ece2cmorlib: Metadata attribute outpath: /nobackup/rossby27/proj/optimesm/cmorized/CD11-4
INFO:ece2cmor3.ece2cmorlib: Metadata attribute history: processed by ece2cmor v2.4.0, git rev. 8b07ae5cb14677583c658d50b27866a72aa53b64-changes

INFO:ece2cmor3.ece2cmorlib: Metadata attribute latest_ece2cmor_version: v2.4.0
INFO:ece2cmor3.ece2cmorlib: Metadata attribute ece2cmor_git_revision: 8b07ae5cb14677583c658d50b27866a72aa53b64-changes
INFO:ece2cmor3.ece2cmorlib: Metadata attribute latest_applied_cmor_fixer_version: None
INFO:ece2cmor3.cmor_target: CMOR tables data_specs_version : 01.00.33
INFO:ece2cmor3.cmor_target: CMOR tables cmor_version : 3.5
INFO:ece2cmor3.cmor_target: CMOR tables Conventions : CF-1.7 CMIP-6.2
INFO:ece2cmor3.cmor_target: CMOR tables table_date : 18 November 2020
INFO:ece2cmor3.taskloader: Dismissing model level target variable hur in table CFday for component ifs...
INFO:ece2cmor3.taskloader: Dismissing model level target variable va in table CFday for component ifs...
INFO:ece2cmor3.taskloader: Dismissing model level target variable ua in table CFday for component ifs...
INFO:ece2cmor3.taskloader: Dismissing model level target variable cl in table Amon for component ifs...
INFO:ece2cmor3.taskloader: Dismissing model level target variable ta in table CFday for component ifs...
INFO:ece2cmor3.taskloader: Dismissing model level target variable cli in table Amon for component ifs...
INFO:ece2cmor3.taskloader: Dismissing model level target variable zg in table CFday for component ifs...
INFO:ece2cmor3.taskloader: Dismissing model level target variable hus in table CFday for component ifs...
INFO:ece2cmor3.taskloader: Dismissing model level target variable wap in table CFday for component ifs...
INFO:ece2cmor3.taskloader: Dismissing model level target variable clw in table Amon for component ifs...
INFO:ece2cmor3.taskloader: Found 103 requested cmor target variables for ifs.
INFO:ece2cmor3.taskloader: Found 167 requested cmor target variables for lpjg.
INFO:ece2cmor3.taskloader: Found 179 requested cmor target variables for nemo.
INFO:ece2cmor3.taskloader: Found 0 requested cmor target variables for tm5.
INFO:ece2cmor3.taskloader: Found 4 requested cmor target variables for co2box.
INFO:ece2cmor3.taskloader: Created 179 ece2cmor tasks from input variable list.
INFO:ece2cmor3.ece2cmorlib: Selected 179 NEMO tasks from 179 input tasks
INFO:ece2cmor3.nemo2cmor: Looking up variables in files...
ERROR:ece2cmor3.nemo2cmor: Could not associate cmor frequency dayPt   with a nemo output frequency for variable sishevel
ERROR:ece2cmor3.nemo2cmor: Variable sishevel             in table SIday      was not found in the NEMO output files: task skipped.
ERROR:ece2cmor3.nemo2cmor: Could not associate cmor frequency dayPt   with a nemo output frequency for variable sidivvel
ERROR:ece2cmor3.nemo2cmor: Variable sidivvel             in table SIday      was not found in the NEMO output files: task skipped.
INFO:ece2cmor3.nemo2cmor: Creating NEMO grids in CMOR...
INFO:ece2cmor3.nemo2cmor: Using fallback to the old midpoint calculation method for grid pisces_grid_T_SFC with shape (292, 362)
INFO:ece2cmor3.nemo2cmor: Using fallback to the old midpoint calculation method for grid opa_grid_ptr_T_3basin_2D with shape (292, 1)
INFO:ece2cmor3.nemo2cmor: Using fallback to the old midpoint calculation method for grid opa_grid_1point with shape (1, 1)
ERROR:ece2cmor3.nemo2cmor: The grid opa_grid_1point consists of a single point which is not supported, dismissing variables masso in Omon,soga in Omon,sosga in Omon,thetaoga in Omon,tosga in Omon,volo in Omon,zostoga in Omon
INFO:ece2cmor3.nemo2cmor: Using fallback to the old midpoint calculation method for grid opa_grid_ptr_W_3basin_3D with shape (292, 1)
INFO:ece2cmor3.nemo2cmor: Using fallback to the old midpoint calculation method for grid lim_grid_1point with shape (1, 1)
ERROR:ece2cmor3.nemo2cmor: The grid lim_grid_1point consists of a single point which is not supported, dismissing variables siarean in SImon,siareas in SImon,siextentn in SImon,siextents in SImon,sivoln in SImon,sivols in SImon
INFO:ece2cmor3.nemo2cmor: Creating NEMO masks...
INFO:ece2cmor3.nemo2cmor: Executing 177 NEMO tasks...
INFO:ece2cmor3.nemo2cmor: Cmorizing NEMO tasks...
INFO:ece2cmor3.nemo2cmor: Start cmorization of t20d in table Emon
INFO:ece2cmor3.nemo2cmor: Creating time axes for table Emon from data in /nobackup/rossby27/proj/optimesm/sm_wyser/ece-run/CD11/output/nemo/438/CD11_1m_22870101_22871231_opa_grid_T_2D.nc...
INFO:ece2cmor3.nemo2cmor: Creating time axis for table Emon using file /nobackup/rossby27/proj/optimesm/sm_wyser/ece-run/CD11/output/nemo/438/CD11_1m_22870101_22871231_opa_grid_T_2D.nc...
INFO:ece2cmor3.nemo2cmor: Creating depth axes for table Emon from data in /nobackup/rossby27/proj/optimesm/sm_wyser/ece-run/CD11/output/nemo/438/CD11_1m_22870101_22871231_opa_grid_T_2D.nc ...
INFO:ece2cmor3.nemo2cmor: Creating depth axes for table Emon using file /nobackup/rossby27/proj/optimesm/sm_wyser/ece-run/CD11/output/nemo/438/CD11_1m_22870101_22871231_opa_grid_T_2D.nc...
INFO:ece2cmor3.nemo2cmor: Creating extra axes for table Emon from data in /nobackup/rossby27/proj/optimesm/sm_wyser/ece-run/CD11/output/nemo/438/CD11_1m_22870101_22871231_opa_grid_T_2D.nc ...
INFO:ece2cmor3.nemo2cmor: Creating extra axes for table Emon using file /nobackup/rossby27/proj/optimesm/sm_wyser/ece-run/CD11/output/nemo/438/CD11_1m_22870101_22871231_opa_grid_T_2D.nc...
INFO:ece2cmor3.nemo2cmor: Cmorizing variable t20d                 in table Emon    in file /nobackup/rossby27/proj/optimesm/sm_wyser/ece-run/CD11/output/nemo/438/CD11_1m_22870101_22871231_opa_grid_T_2D.nc
INFO:ece2cmor3.nemo2cmor: Start cmorization of friver,hcont300,hfds,mlddzt,mlotst,mlotstmax,mlotstmin,pbo,sob,sos,tob,tos,wfo,wfonocorr,zos in table Omon
INFO:ece2cmor3.nemo2cmor: Creating time axes for table Omon from data in /nobackup/rossby27/proj/optimesm/sm_wyser/ece-run/CD11/output/nemo/438/CD11_1m_22870101_22871231_opa_grid_T_2D.nc...
INFO:ece2cmor3.nemo2cmor: Creating time axis for table Omon using file /nobackup/rossby27/proj/optimesm/sm_wyser/ece-run/CD11/output/nemo/438/CD11_1m_22870101_22871231_opa_grid_T_2D.nc...
INFO:ece2cmor3.nemo2cmor: Creating depth axes for table Omon from data in /nobackup/rossby27/proj/optimesm/sm_wyser/ece-run/CD11/output/nemo/438/CD11_1m_22870101_22871231_opa_grid_T_2D.nc ...
INFO:ece2cmor3.nemo2cmor: Creating depth axes for table Omon using file /nobackup/rossby27/proj/optimesm/sm_wyser/ece-run/CD11/output/nemo/438/CD11_1m_22870101_22871231_opa_grid_T_2D.nc...
INFO:ece2cmor3.nemo2cmor: Creating extra axes for table Omon from data in /nobackup/rossby27/proj/optimesm/sm_wyser/ece-run/CD11/output/nemo/438/CD11_1m_22870101_22871231_opa_grid_T_2D.nc ...
INFO:ece2cmor3.nemo2cmor: Creating extra axes for table Omon using file /nobackup/rossby27/proj/optimesm/sm_wyser/ece-run/CD11/output/nemo/438/CD11_1m_22870101_22871231_opa_grid_T_2D.nc...
INFO:ece2cmor3.nemo2cmor: Cmorizing variable friver               in table Omon    in file /nobackup/rossby27/proj/optimesm/sm_wyser/ece-run/CD11/output/nemo/438/CD11_1m_22870101_22871231_opa_grid_T_2D.nc
INFO:ece2cmor3.nemo2cmor: Cmorizing variable hcont300             in table Omon    in file /nobackup/rossby27/proj/optimesm/sm_wyser/ece-run/CD11/output/nemo/438/CD11_1m_22870101_22871231_opa_grid_T_2D.nc
INFO:ece2cmor3.nemo2cmor: Cmorizing variable hfds                 in table Omon    in file /nobackup/rossby27/proj/optimesm/sm_wyser/ece-run/CD11/output/nemo/438/CD11_1m_22870101_22871231_opa_grid_T_2D.nc
INFO:ece2cmor3.nemo2cmor: Cmorizing variable mlddzt               in table Omon    in file /nobackup/rossby27/proj/optimesm/sm_wyser/ece-run/CD11/output/nemo/438/CD11_1m_22870101_22871231_opa_grid_T_2D.nc
INFO:ece2cmor3.nemo2cmor: Cmorizing variable mlotst               in table Omon    in file /nobackup/rossby27/proj/optimesm/sm_wyser/ece-run/CD11/output/nemo/438/CD11_1m_22870101_22871231_opa_grid_T_2D.nc
INFO:ece2cmor3.nemo2cmor: Cmorizing variable mlotstmax            in table Omon    in file /nobackup/rossby27/proj/optimesm/sm_wyser/ece-run/CD11/output/nemo/438/CD11_1m_22870101_22871231_opa_grid_T_2D.nc
INFO:ece2cmor3.nemo2cmor: Cmorizing variable mlotstmin            in table Omon    in file /nobackup/rossby27/proj/optimesm/sm_wyser/ece-run/CD11/output/nemo/438/CD11_1m_22870101_22871231_opa_grid_T_2D.nc
INFO:ece2cmor3.nemo2cmor: Cmorizing variable pbo                  in table Omon    in file /nobackup/rossby27/proj/optimesm/sm_wyser/ece-run/CD11/output/nemo/438/CD11_1m_22870101_22871231_opa_grid_T_2D.nc
INFO:ece2cmor3.nemo2cmor: Cmorizing variable sob                  in table Omon    in file /nobackup/rossby27/proj/optimesm/sm_wyser/ece-run/CD11/output/nemo/438/CD11_1m_22870101_22871231_opa_grid_T_2D.nc
INFO:ece2cmor3.nemo2cmor: Cmorizing variable sos                  in table Omon    in file /nobackup/rossby27/proj/optimesm/sm_wyser/ece-run/CD11/output/nemo/438/CD11_1m_22870101_22871231_opa_grid_T_2D.nc
INFO:ece2cmor3.nemo2cmor: Cmorizing variable tob                  in table Omon    in file /nobackup/rossby27/proj/optimesm/sm_wyser/ece-run/CD11/output/nemo/438/CD11_1m_22870101_22871231_opa_grid_T_2D.nc
INFO:ece2cmor3.nemo2cmor: Cmorizing variable tos                  in table Omon    in file /nobackup/rossby27/proj/optimesm/sm_wyser/ece-run/CD11/output/nemo/438/CD11_1m_22870101_22871231_opa_grid_T_2D.nc
INFO:ece2cmor3.nemo2cmor: Cmorizing variable wfo                  in table Omon    in file /nobackup/rossby27/proj/optimesm/sm_wyser/ece-run/CD11/output/nemo/438/CD11_1m_22870101_22871231_opa_grid_T_2D.nc
INFO:ece2cmor3.nemo2cmor: Cmorizing variable wfonocorr            in table Omon    in file /nobackup/rossby27/proj/optimesm/sm_wyser/ece-run/CD11/output/nemo/438/CD11_1m_22870101_22871231_opa_grid_T_2D.nc
INFO:ece2cmor3.nemo2cmor: Cmorizing variable zos                  in table Omon    in file /nobackup/rossby27/proj/optimesm/sm_wyser/ece-run/CD11/output/nemo/438/CD11_1m_22870101_22871231_opa_grid_T_2D.nc
INFO:ece2cmor3.nemo2cmor: Start cmorization of thetaot in table Emon
INFO:ece2cmor3.nemo2cmor: Creating time axis for table Emon using file /nobackup/rossby27/proj/optimesm/sm_wyser/ece-run/CD11/output/nemo/438/CD11_1m_22870101_22871231_opa_vert_sum.nc...
INFO:ece2cmor3.nemo2cmor: Creating depth axes for table Emon using file /nobackup/rossby27/proj/optimesm/sm_wyser/ece-run/CD11/output/nemo/438/CD11_1m_22870101_22871231_opa_vert_sum.nc...
INFO:ece2cmor3.nemo2cmor: Creating extra axes for table Emon using file /nobackup/rossby27/proj/optimesm/sm_wyser/ece-run/CD11/output/nemo/438/CD11_1m_22870101_22871231_opa_vert_sum.nc...
INFO:ece2cmor3.nemo2cmor: Cmorizing variable thetaot              in table Emon    in file /nobackup/rossby27/proj/optimesm/sm_wyser/ece-run/CD11/output/nemo/438/CD11_1m_22870101_22871231_opa_vert_sum.nc
INFO:ece2cmor3.nemo2cmor: Start cmorization of expfe in table Emon
INFO:ece2cmor3.nemo2cmor: Creating time axis for table Emon using file /nobackup/rossby27/proj/optimesm/sm_wyser/ece-run/CD11/output/nemo/438/CD11_1m_22870101_22871231_pisces_grid_T_3D.nc...
INFO:ece2cmor3.nemo2cmor: Creating depth axes for table Emon using file /nobackup/rossby27/proj/optimesm/sm_wyser/ece-run/CD11/output/nemo/438/CD11_1m_22870101_22871231_pisces_grid_T_3D.nc...
INFO:ece2cmor3.nemo2cmor: Creating extra axes for table Emon using file /nobackup/rossby27/proj/optimesm/sm_wyser/ece-run/CD11/output/nemo/438/CD11_1m_22870101_22871231_pisces_grid_T_3D.nc...
INFO:ece2cmor3.nemo2cmor: Cmorizing variable expfe                in table Emon    in file /nobackup/rossby27/proj/optimesm/sm_wyser/ece-run/CD11/output/nemo/438/CD11_1m_22870101_22871231_pisces_grid_T_3D.nc
INFO:ece2cmor3.nemo2cmor: Start cmorization of dfe,dissic,expc,no3,o2,ph,po4,si,talk in table Omon
INFO:ece2cmor3.nemo2cmor: Creating time axis for table Omon using file /nobackup/rossby27/proj/optimesm/sm_wyser/ece-run/CD11/output/nemo/438/CD11_1m_22870101_22871231_pisces_grid_T_3D.nc...
INFO:ece2cmor3.nemo2cmor: Creating depth axes for table Omon using file /nobackup/rossby27/proj/optimesm/sm_wyser/ece-run/CD11/output/nemo/438/CD11_1m_22870101_22871231_pisces_grid_T_3D.nc...
INFO:ece2cmor3.nemo2cmor: Creating extra axes for table Omon using file /nobackup/rossby27/proj/optimesm/sm_wyser/ece-run/CD11/output/nemo/438/CD11_1m_22870101_22871231_pisces_grid_T_3D.nc...
INFO:ece2cmor3.nemo2cmor: Cmorizing variable dfe                  in table Omon    in file /nobackup/rossby27/proj/optimesm/sm_wyser/ece-run/CD11/output/nemo/438/CD11_1m_22870101_22871231_pisces_grid_T_3D.nc
INFO:ece2cmor3.nemo2cmor: Cmorizing variable dissic               in table Omon    in file /nobackup/rossby27/proj/optimesm/sm_wyser/ece-run/CD11/output/nemo/438/CD11_1m_22870101_22871231_pisces_grid_T_3D.nc
INFO:ece2cmor3.nemo2cmor: Cmorizing variable expc                 in table Omon    in file /nobackup/rossby27/proj/optimesm/sm_wyser/ece-run/CD11/output/nemo/438/CD11_1m_22870101_22871231_pisces_grid_T_3D.nc
INFO:ece2cmor3.nemo2cmor: Cmorizing variable no3                  in table Omon    in file /nobackup/rossby27/proj/optimesm/sm_wyser/ece-run/CD11/output/nemo/438/CD11_1m_22870101_22871231_pisces_grid_T_3D.nc
INFO:ece2cmor3.nemo2cmor: Cmorizing variable o2                   in table Omon    in file /nobackup/rossby27/proj/optimesm/sm_wyser/ece-run/CD11/output/nemo/438/CD11_1m_22870101_22871231_pisces_grid_T_3D.nc
INFO:ece2cmor3.nemo2cmor: Cmorizing variable ph                   in table Omon    in file /nobackup/rossby27/proj/optimesm/sm_wyser/ece-run/CD11/output/nemo/438/CD11_1m_22870101_22871231_pisces_grid_T_3D.nc
INFO:ece2cmor3.nemo2cmor: Cmorizing variable po4                  in table Omon    in file /nobackup/rossby27/proj/optimesm/sm_wyser/ece-run/CD11/output/nemo/438/CD11_1m_22870101_22871231_pisces_grid_T_3D.nc
INFO:ece2cmor3.nemo2cmor: Cmorizing variable si                   in table Omon    in file /nobackup/rossby27/proj/optimesm/sm_wyser/ece-run/CD11/output/nemo/438/CD11_1m_22870101_22871231_pisces_grid_T_3D.nc
INFO:ece2cmor3.nemo2cmor: Cmorizing variable talk                 in table Omon    in file /nobackup/rossby27/proj/optimesm/sm_wyser/ece-run/CD11/output/nemo/438/CD11_1m_22870101_22871231_pisces_grid_T_3D.nc
INFO:ece2cmor3.nemo2cmor: Start cmorization of tos,tossq in table Oday
INFO:ece2cmor3.nemo2cmor: Creating time axes for table Oday from data in /nobackup/rossby27/proj/optimesm/sm_wyser/ece-run/CD11/output/nemo/438/CD11_1d_22870101_22871231_opa_grid_T_2D.nc...
INFO:ece2cmor3.nemo2cmor: Creating time axis for table Oday using file /nobackup/rossby27/proj/optimesm/sm_wyser/ece-run/CD11/output/nemo/438/CD11_1d_22870101_22871231_opa_grid_T_2D.nc...
INFO:ece2cmor3.nemo2cmor: Creating depth axes for table Oday from data in /nobackup/rossby27/proj/optimesm/sm_wyser/ece-run/CD11/output/nemo/438/CD11_1d_22870101_22871231_opa_grid_T_2D.nc ...
INFO:ece2cmor3.nemo2cmor: Creating depth axes for table Oday using file /nobackup/rossby27/proj/optimesm/sm_wyser/ece-run/CD11/output/nemo/438/CD11_1d_22870101_22871231_opa_grid_T_2D.nc...
INFO:ece2cmor3.nemo2cmor: Creating extra axes for table Oday from data in /nobackup/rossby27/proj/optimesm/sm_wyser/ece-run/CD11/output/nemo/438/CD11_1d_22870101_22871231_opa_grid_T_2D.nc ...
INFO:ece2cmor3.nemo2cmor: Creating extra axes for table Oday using file /nobackup/rossby27/proj/optimesm/sm_wyser/ece-run/CD11/output/nemo/438/CD11_1d_22870101_22871231_opa_grid_T_2D.nc...
INFO:ece2cmor3.nemo2cmor: Cmorizing variable tos                  in table Oday    in file /nobackup/rossby27/proj/optimesm/sm_wyser/ece-run/CD11/output/nemo/438/CD11_1d_22870101_22871231_opa_grid_T_2D.nc
INFO:ece2cmor3.nemo2cmor: Cmorizing variable tossq                in table Oday    in file /nobackup/rossby27/proj/optimesm/sm_wyser/ece-run/CD11/output/nemo/438/CD11_1d_22870101_22871231_opa_grid_T_2D.nc
INFO:ece2cmor3.nemo2cmor: Start cmorization of areacello,hfgeou,sftof in table Ofx
INFO:ece2cmor3.nemo2cmor: Creating time axes for table Ofx from data in /nobackup/rossby27/proj/optimesm/sm_wyser/ece-run/CD11/output/nemo/438/CD11_1y_22870101_22871231_opa_grid_T_2D.nc...
INFO:ece2cmor3.nemo2cmor: Creating depth axes for table Ofx from data in /nobackup/rossby27/proj/optimesm/sm_wyser/ece-run/CD11/output/nemo/438/CD11_1y_22870101_22871231_opa_grid_T_2D.nc ...
INFO:ece2cmor3.nemo2cmor: Creating depth axes for table Ofx using file /nobackup/rossby27/proj/optimesm/sm_wyser/ece-run/CD11/output/nemo/438/CD11_1y_22870101_22871231_opa_grid_T_2D.nc...
INFO:ece2cmor3.nemo2cmor: Creating extra axes for table Ofx from data in /nobackup/rossby27/proj/optimesm/sm_wyser/ece-run/CD11/output/nemo/438/CD11_1y_22870101_22871231_opa_grid_T_2D.nc ...
INFO:ece2cmor3.nemo2cmor: Creating extra axes for table Ofx using file /nobackup/rossby27/proj/optimesm/sm_wyser/ece-run/CD11/output/nemo/438/CD11_1y_22870101_22871231_opa_grid_T_2D.nc...
INFO:ece2cmor3.nemo2cmor: Cmorizing variable areacello            in table Ofx     in file /nobackup/rossby27/proj/optimesm/sm_wyser/ece-run/CD11/output/nemo/438/CD11_1y_22870101_22871231_opa_grid_T_2D.nc
INFO:ece2cmor3.nemo2cmor: Cmorizing variable hfgeou               in table Ofx     in file /nobackup/rossby27/proj/optimesm/sm_wyser/ece-run/CD11/output/nemo/438/CD11_1y_22870101_22871231_opa_grid_T_2D.nc
INFO:ece2cmor3.nemo2cmor: Cmorizing variable sftof                in table Ofx     in file /nobackup/rossby27/proj/optimesm/sm_wyser/ece-run/CD11/output/nemo/438/CD11_1y_22870101_22871231_opa_grid_T_2D.nc
INFO:ece2cmor3.nemo2cmor: Start cmorization of basin in table Ofx
INFO:ece2cmor3.nemo2cmor: Creating time axes for table Ofx from data in /nobackup/rossby27/proj/optimesm/sm_wyser/ece-run/CD11/subbasins.nc...
INFO:ece2cmor3.nemo2cmor: Creating depth axes for table Ofx using file /nobackup/rossby27/proj/optimesm/sm_wyser/ece-run/CD11/subbasins.nc...
INFO:ece2cmor3.nemo2cmor: Creating extra axes for table Ofx using file /nobackup/rossby27/proj/optimesm/sm_wyser/ece-run/CD11/subbasins.nc...
INFO:ece2cmor3.nemo2cmor: Cmorizing variable basin                in table Ofx     in file /nobackup/rossby27/proj/optimesm/sm_wyser/ece-run/CD11/subbasins.nc
INFO:ece2cmor3.nemo2cmor: Start cmorization of deptho in table Ofx
INFO:ece2cmor3.nemo2cmor: Creating time axes for table Ofx from data in /nobackup/rossby27/proj/optimesm/sm_wyser/ece-run/CD11/bathy_meter.nc...
INFO:ece2cmor3.nemo2cmor: Creating depth axes for table Ofx using file /nobackup/rossby27/proj/optimesm/sm_wyser/ece-run/CD11/bathy_meter.nc...
INFO:ece2cmor3.nemo2cmor: Creating extra axes for table Ofx using file /nobackup/rossby27/proj/optimesm/sm_wyser/ece-run/CD11/bathy_meter.nc...
INFO:ece2cmor3.nemo2cmor: Cmorizing variable Bathymetry           in table Ofx     in file /nobackup/rossby27/proj/optimesm/sm_wyser/ece-run/CD11/bathy_meter.nc
INFO:ece2cmor3.nemo2cmor: Start cmorization of chldiatos,chlmiscos,chlos,dfeos,limfediat,limfemisc,limirrdiat,limirrmisc,limndiat,limnmisc,no3os,o2os,po4os,sios in table Omon
INFO:ece2cmor3.nemo2cmor: Creating time axis for table Omon using file /nobackup/rossby27/proj/optimesm/sm_wyser/ece-run/CD11/output/nemo/438/CD11_1m_22870101_22871231_pisces_grid_T_SFC.nc...
INFO:ece2cmor3.nemo2cmor: Creating depth axes for table Omon using file /nobackup/rossby27/proj/optimesm/sm_wyser/ece-run/CD11/output/nemo/438/CD11_1m_22870101_22871231_pisces_grid_T_SFC.nc...
INFO:ece2cmor3.nemo2cmor: Creating extra axes for table Omon using file /nobackup/rossby27/proj/optimesm/sm_wyser/ece-run/CD11/output/nemo/438/CD11_1m_22870101_22871231_pisces_grid_T_SFC.nc...
INFO:ece2cmor3.nemo2cmor: Cmorizing variable chldiatos            in table Omon    in file /nobackup/rossby27/proj/optimesm/sm_wyser/ece-run/CD11/output/nemo/438/CD11_1m_22870101_22871231_pisces_grid_T_SFC.nc
INFO:ece2cmor3.nemo2cmor: Cmorizing variable chlmiscos            in table Omon    in file /nobackup/rossby27/proj/optimesm/sm_wyser/ece-run/CD11/output/nemo/438/CD11_1m_22870101_22871231_pisces_grid_T_SFC.nc
INFO:ece2cmor3.nemo2cmor: Cmorizing variable chlos                in table Omon    in file /nobackup/rossby27/proj/optimesm/sm_wyser/ece-run/CD11/output/nemo/438/CD11_1m_22870101_22871231_pisces_grid_T_SFC.nc
INFO:ece2cmor3.nemo2cmor: Cmorizing variable dfeos                in table Omon    in file /nobackup/rossby27/proj/optimesm/sm_wyser/ece-run/CD11/output/nemo/438/CD11_1m_22870101_22871231_pisces_grid_T_SFC.nc
INFO:ece2cmor3.nemo2cmor: Cmorizing variable limfediat            in table Omon    in file /nobackup/rossby27/proj/optimesm/sm_wyser/ece-run/CD11/output/nemo/438/CD11_1m_22870101_22871231_pisces_grid_T_SFC.nc
INFO:ece2cmor3.nemo2cmor: Cmorizing variable limfemisc            in table Omon    in file /nobackup/rossby27/proj/optimesm/sm_wyser/ece-run/CD11/output/nemo/438/CD11_1m_22870101_22871231_pisces_grid_T_SFC.nc
INFO:ece2cmor3.nemo2cmor: Cmorizing variable limirrdiat           in table Omon    in file /nobackup/rossby27/proj/optimesm/sm_wyser/ece-run/CD11/output/nemo/438/CD11_1m_22870101_22871231_pisces_grid_T_SFC.nc
INFO:ece2cmor3.nemo2cmor: Cmorizing variable limirrmisc           in table Omon    in file /nobackup/rossby27/proj/optimesm/sm_wyser/ece-run/CD11/output/nemo/438/CD11_1m_22870101_22871231_pisces_grid_T_SFC.nc
INFO:ece2cmor3.nemo2cmor: Cmorizing variable limndiat             in table Omon    in file /nobackup/rossby27/proj/optimesm/sm_wyser/ece-run/CD11/output/nemo/438/CD11_1m_22870101_22871231_pisces_grid_T_SFC.nc
INFO:ece2cmor3.nemo2cmor: Cmorizing variable limnmisc             in table Omon    in file /nobackup/rossby27/proj/optimesm/sm_wyser/ece-run/CD11/output/nemo/438/CD11_1m_22870101_22871231_pisces_grid_T_SFC.nc
INFO:ece2cmor3.nemo2cmor: Cmorizing variable no3os                in table Omon    in file /nobackup/rossby27/proj/optimesm/sm_wyser/ece-run/CD11/output/nemo/438/CD11_1m_22870101_22871231_pisces_grid_T_SFC.nc
INFO:ece2cmor3.nemo2cmor: Cmorizing variable o2os                 in table Omon    in file /nobackup/rossby27/proj/optimesm/sm_wyser/ece-run/CD11/output/nemo/438/CD11_1m_22870101_22871231_pisces_grid_T_SFC.nc
INFO:ece2cmor3.nemo2cmor: Cmorizing variable po4os                in table Omon    in file /nobackup/rossby27/proj/optimesm/sm_wyser/ece-run/CD11/output/nemo/438/CD11_1m_22870101_22871231_pisces_grid_T_SFC.nc
INFO:ece2cmor3.nemo2cmor: Cmorizing variable sios                 in table Omon    in file /nobackup/rossby27/proj/optimesm/sm_wyser/ece-run/CD11/output/nemo/438/CD11_1m_22870101_22871231_pisces_grid_T_SFC.nc
INFO:ece2cmor3.nemo2cmor: Start cmorization of dpco2,dpo2,epc100,epcalc100,epsi100,fgco2,fgo2,fric,intdic,intpbfe,intpbsi,intpoc,intpp,intppdiat,intppmisc,o2min,spco2,zo2min in table Omon
INFO:ece2cmor3.nemo2cmor: Creating time axis for table Omon using file /nobackup/rossby27/proj/optimesm/sm_wyser/ece-run/CD11/output/nemo/438/CD11_1m_22870101_22871231_pisces_grid_T_2D.nc...
INFO:ece2cmor3.nemo2cmor: Creating depth axes for table Omon using file /nobackup/rossby27/proj/optimesm/sm_wyser/ece-run/CD11/output/nemo/438/CD11_1m_22870101_22871231_pisces_grid_T_2D.nc...
INFO:ece2cmor3.nemo2cmor: Creating extra axes for table Omon using file /nobackup/rossby27/proj/optimesm/sm_wyser/ece-run/CD11/output/nemo/438/CD11_1m_22870101_22871231_pisces_grid_T_2D.nc...
INFO:ece2cmor3.nemo2cmor: Cmorizing variable dpco2                in table Omon    in file /nobackup/rossby27/proj/optimesm/sm_wyser/ece-run/CD11/output/nemo/438/CD11_1m_22870101_22871231_pisces_grid_T_2D.nc
INFO:ece2cmor3.nemo2cmor: Cmorizing variable dpo2                 in table Omon    in file /nobackup/rossby27/proj/optimesm/sm_wyser/ece-run/CD11/output/nemo/438/CD11_1m_22870101_22871231_pisces_grid_T_2D.nc
INFO:ece2cmor3.nemo2cmor: Cmorizing variable epc100               in table Omon    in file /nobackup/rossby27/proj/optimesm/sm_wyser/ece-run/CD11/output/nemo/438/CD11_1m_22870101_22871231_pisces_grid_T_2D.nc
INFO:ece2cmor3.nemo2cmor: Cmorizing variable epcalc100            in table Omon    in file /nobackup/rossby27/proj/optimesm/sm_wyser/ece-run/CD11/output/nemo/438/CD11_1m_22870101_22871231_pisces_grid_T_2D.nc
INFO:ece2cmor3.nemo2cmor: Cmorizing variable epsi100              in table Omon    in file /nobackup/rossby27/proj/optimesm/sm_wyser/ece-run/CD11/output/nemo/438/CD11_1m_22870101_22871231_pisces_grid_T_2D.nc
INFO:ece2cmor3.nemo2cmor: Cmorizing variable fgco2                in table Omon    in file /nobackup/rossby27/proj/optimesm/sm_wyser/ece-run/CD11/output/nemo/438/CD11_1m_22870101_22871231_pisces_grid_T_2D.nc
INFO:ece2cmor3.nemo2cmor: Cmorizing variable fgo2                 in table Omon    in file /nobackup/rossby27/proj/optimesm/sm_wyser/ece-run/CD11/output/nemo/438/CD11_1m_22870101_22871231_pisces_grid_T_2D.nc
INFO:ece2cmor3.nemo2cmor: Cmorizing variable fric                 in table Omon    in file /nobackup/rossby27/proj/optimesm/sm_wyser/ece-run/CD11/output/nemo/438/CD11_1m_22870101_22871231_pisces_grid_T_2D.nc
INFO:ece2cmor3.nemo2cmor: Cmorizing variable intdic               in table Omon    in file /nobackup/rossby27/proj/optimesm/sm_wyser/ece-run/CD11/output/nemo/438/CD11_1m_22870101_22871231_pisces_grid_T_2D.nc
INFO:ece2cmor3.nemo2cmor: Cmorizing variable intpbfe              in table Omon    in file /nobackup/rossby27/proj/optimesm/sm_wyser/ece-run/CD11/output/nemo/438/CD11_1m_22870101_22871231_pisces_grid_T_2D.nc
INFO:ece2cmor3.nemo2cmor: Cmorizing variable intpbsi              in table Omon    in file /nobackup/rossby27/proj/optimesm/sm_wyser/ece-run/CD11/output/nemo/438/CD11_1m_22870101_22871231_pisces_grid_T_2D.nc
INFO:ece2cmor3.nemo2cmor: Cmorizing variable intpoc               in table Omon    in file /nobackup/rossby27/proj/optimesm/sm_wyser/ece-run/CD11/output/nemo/438/CD11_1m_22870101_22871231_pisces_grid_T_2D.nc
INFO:ece2cmor3.nemo2cmor: Cmorizing variable intpp                in table Omon    in file /nobackup/rossby27/proj/optimesm/sm_wyser/ece-run/CD11/output/nemo/438/CD11_1m_22870101_22871231_pisces_grid_T_2D.nc
INFO:ece2cmor3.nemo2cmor: Cmorizing variable intppdiat            in table Omon    in file /nobackup/rossby27/proj/optimesm/sm_wyser/ece-run/CD11/output/nemo/438/CD11_1m_22870101_22871231_pisces_grid_T_2D.nc
INFO:ece2cmor3.nemo2cmor: Cmorizing variable intppmisc            in table Omon    in file /nobackup/rossby27/proj/optimesm/sm_wyser/ece-run/CD11/output/nemo/438/CD11_1m_22870101_22871231_pisces_grid_T_2D.nc
INFO:ece2cmor3.nemo2cmor: Cmorizing variable o2min                in table Omon    in file /nobackup/rossby27/proj/optimesm/sm_wyser/ece-run/CD11/output/nemo/438/CD11_1m_22870101_22871231_pisces_grid_T_2D.nc
INFO:ece2cmor3.nemo2cmor: Cmorizing variable spco2                in table Omon    in file /nobackup/rossby27/proj/optimesm/sm_wyser/ece-run/CD11/output/nemo/438/CD11_1m_22870101_22871231_pisces_grid_T_2D.nc
INFO:ece2cmor3.nemo2cmor: Cmorizing variable zo2min               in table Omon    in file /nobackup/rossby27/proj/optimesm/sm_wyser/ece-run/CD11/output/nemo/438/CD11_1m_22870101_22871231_pisces_grid_T_2D.nc
INFO:ece2cmor3.nemo2cmor: Start cmorization of hfbasin,hfbasinpmadv,htovgyre,htovovrt,sltovgyre,sltovovrt in table Omon
INFO:ece2cmor3.nemo2cmor: Creating time axis for table Omon using file /nobackup/rossby27/proj/optimesm/sm_wyser/ece-run/CD11/output/nemo/438/CD11_1m_22870101_22871231_opa_grid_ptr_T_3basin_2D.nc...
INFO:ece2cmor3.nemo2cmor: Creating depth axes for table Omon using file /nobackup/rossby27/proj/optimesm/sm_wyser/ece-run/CD11/output/nemo/438/CD11_1m_22870101_22871231_opa_grid_ptr_T_3basin_2D.nc...
INFO:ece2cmor3.nemo2cmor: Creating extra axes for table Omon using file /nobackup/rossby27/proj/optimesm/sm_wyser/ece-run/CD11/output/nemo/438/CD11_1m_22870101_22871231_opa_grid_ptr_T_3basin_2D.nc...
INFO:ece2cmor3.nemo2cmor: Cmorizing variable hfbasin              in table Omon    in file /nobackup/rossby27/proj/optimesm/sm_wyser/ece-run/CD11/output/nemo/438/CD11_1m_22870101_22871231_opa_grid_ptr_T_3basin_2D.nc
INFO:ece2cmor3.nemo2cmor: Cmorizing variable hfbasinpmadv         in table Omon    in file /nobackup/rossby27/proj/optimesm/sm_wyser/ece-run/CD11/output/nemo/438/CD11_1m_22870101_22871231_opa_grid_ptr_T_3basin_2D.nc
INFO:ece2cmor3.nemo2cmor: Cmorizing variable htovgyre             in table Omon    in file /nobackup/rossby27/proj/optimesm/sm_wyser/ece-run/CD11/output/nemo/438/CD11_1m_22870101_22871231_opa_grid_ptr_T_3basin_2D.nc
INFO:ece2cmor3.nemo2cmor: Cmorizing variable htovovrt             in table Omon    in file /nobackup/rossby27/proj/optimesm/sm_wyser/ece-run/CD11/output/nemo/438/CD11_1m_22870101_22871231_opa_grid_ptr_T_3basin_2D.nc
INFO:ece2cmor3.nemo2cmor: Cmorizing variable sltovgyre            in table Omon    in file /nobackup/rossby27/proj/optimesm/sm_wyser/ece-run/CD11/output/nemo/438/CD11_1m_22870101_22871231_opa_grid_ptr_T_3basin_2D.nc
INFO:ece2cmor3.nemo2cmor: Cmorizing variable sltovovrt            in table Omon    in file /nobackup/rossby27/proj/optimesm/sm_wyser/ece-run/CD11/output/nemo/438/CD11_1m_22870101_22871231_opa_grid_ptr_T_3basin_2D.nc
INFO:ece2cmor3.nemo2cmor: Start cmorization of hfx,tauuo,ubar in table Omon
INFO:ece2cmor3.nemo2cmor: Creating time axis for table Omon using file /nobackup/rossby27/proj/optimesm/sm_wyser/ece-run/CD11/output/nemo/438/CD11_1m_22870101_22871231_opa_grid_U_2D.nc...
WARNING:ece2cmor3.nemo2cmor: Cmorizing variable ubar with online operation attribute instant in /nobackup/rossby27/proj/optimesm/sm_wyser/ece-run/CD11/output/nemo/438/CD11_1m_22870101_22871231_opa_grid_U_2D.nc to Omon: ubar with time operation mean
INFO:ece2cmor3.nemo2cmor: Creating depth axes for table Omon using file /nobackup/rossby27/proj/optimesm/sm_wyser/ece-run/CD11/output/nemo/438/CD11_1m_22870101_22871231_opa_grid_U_2D.nc...
INFO:ece2cmor3.nemo2cmor: Creating extra axes for table Omon using file /nobackup/rossby27/proj/optimesm/sm_wyser/ece-run/CD11/output/nemo/438/CD11_1m_22870101_22871231_opa_grid_U_2D.nc...
INFO:ece2cmor3.nemo2cmor: Cmorizing variable hfx                  in table Omon    in file /nobackup/rossby27/proj/optimesm/sm_wyser/ece-run/CD11/output/nemo/438/CD11_1m_22870101_22871231_opa_grid_U_2D.nc
INFO:ece2cmor3.nemo2cmor: Cmorizing variable tauuo                in table Omon    in file /nobackup/rossby27/proj/optimesm/sm_wyser/ece-run/CD11/output/nemo/438/CD11_1m_22870101_22871231_opa_grid_U_2D.nc
INFO:ece2cmor3.nemo2cmor: Cmorizing variable ubar                 in table Omon    in file /nobackup/rossby27/proj/optimesm/sm_wyser/ece-run/CD11/output/nemo/438/CD11_1m_22870101_22871231_opa_grid_U_2D.nc
INFO:ece2cmor3.nemo2cmor: Start cmorization of hfy,tauvo,vbar in table Omon
INFO:ece2cmor3.nemo2cmor: Creating time axis for table Omon using file /nobackup/rossby27/proj/optimesm/sm_wyser/ece-run/CD11/output/nemo/438/CD11_1m_22870101_22871231_opa_grid_V_2D.nc...
WARNING:ece2cmor3.nemo2cmor: Cmorizing variable vbar with online operation attribute instant in /nobackup/rossby27/proj/optimesm/sm_wyser/ece-run/CD11/output/nemo/438/CD11_1m_22870101_22871231_opa_grid_V_2D.nc to Omon: vbar with time operation mean
INFO:ece2cmor3.nemo2cmor: Creating depth axes for table Omon using file /nobackup/rossby27/proj/optimesm/sm_wyser/ece-run/CD11/output/nemo/438/CD11_1m_22870101_22871231_opa_grid_V_2D.nc...
INFO:ece2cmor3.nemo2cmor: Creating extra axes for table Omon using file /nobackup/rossby27/proj/optimesm/sm_wyser/ece-run/CD11/output/nemo/438/CD11_1m_22870101_22871231_opa_grid_V_2D.nc...
INFO:ece2cmor3.nemo2cmor: Cmorizing variable hfy                  in table Omon    in file /nobackup/rossby27/proj/optimesm/sm_wyser/ece-run/CD11/output/nemo/438/CD11_1m_22870101_22871231_opa_grid_V_2D.nc
INFO:ece2cmor3.nemo2cmor: Cmorizing variable tauvo                in table Omon    in file /nobackup/rossby27/proj/optimesm/sm_wyser/ece-run/CD11/output/nemo/438/CD11_1m_22870101_22871231_opa_grid_V_2D.nc
INFO:ece2cmor3.nemo2cmor: Cmorizing variable vbar                 in table Omon    in file /nobackup/rossby27/proj/optimesm/sm_wyser/ece-run/CD11/output/nemo/438/CD11_1m_22870101_22871231_opa_grid_V_2D.nc
INFO:ece2cmor3.nemo2cmor: Start cmorization of masscello,obvfsq,so,thetao,thkcello in table Omon
INFO:ece2cmor3.nemo2cmor: Creating time axis for table Omon using file /nobackup/rossby27/proj/optimesm/sm_wyser/ece-run/CD11/output/nemo/438/CD11_1m_22870101_22871231_opa_grid_T_3D.nc...
INFO:ece2cmor3.nemo2cmor: Creating depth axes for table Omon using file /nobackup/rossby27/proj/optimesm/sm_wyser/ece-run/CD11/output/nemo/438/CD11_1m_22870101_22871231_opa_grid_T_3D.nc...
INFO:ece2cmor3.nemo2cmor: Creating extra axes for table Omon using file /nobackup/rossby27/proj/optimesm/sm_wyser/ece-run/CD11/output/nemo/438/CD11_1m_22870101_22871231_opa_grid_T_3D.nc...
INFO:ece2cmor3.nemo2cmor: Cmorizing variable masscello            in table Omon    in file /nobackup/rossby27/proj/optimesm/sm_wyser/ece-run/CD11/output/nemo/438/CD11_1m_22870101_22871231_opa_grid_T_3D.nc
INFO:ece2cmor3.nemo2cmor: Cmorizing variable obvfsq               in table Omon    in file /nobackup/rossby27/proj/optimesm/sm_wyser/ece-run/CD11/output/nemo/438/CD11_1m_22870101_22871231_opa_grid_T_3D.nc
INFO:ece2cmor3.nemo2cmor: Cmorizing variable so                   in table Omon    in file /nobackup/rossby27/proj/optimesm/sm_wyser/ece-run/CD11/output/nemo/438/CD11_1m_22870101_22871231_opa_grid_T_3D.nc
INFO:ece2cmor3.nemo2cmor: Cmorizing variable thetao               in table Omon    in file /nobackup/rossby27/proj/optimesm/sm_wyser/ece-run/CD11/output/nemo/438/CD11_1m_22870101_22871231_opa_grid_T_3D.nc
INFO:ece2cmor3.nemo2cmor: Cmorizing variable thkcello             in table Omon    in file /nobackup/rossby27/proj/optimesm/sm_wyser/ece-run/CD11/output/nemo/438/CD11_1m_22870101_22871231_opa_grid_T_3D.nc
INFO:ece2cmor3.nemo2cmor: Start cmorization of masso,soga,sosga,thetaoga,tosga,volo,zostoga in table Omon
INFO:ece2cmor3.nemo2cmor: Creating time axis for table Omon using file /nobackup/rossby27/proj/optimesm/sm_wyser/ece-run/CD11/output/nemo/438/CD11_1m_22870101_22871231_opa_grid_1point.nc...
INFO:ece2cmor3.nemo2cmor: Creating depth axes for table Omon using file /nobackup/rossby27/proj/optimesm/sm_wyser/ece-run/CD11/output/nemo/438/CD11_1m_22870101_22871231_opa_grid_1point.nc...
INFO:ece2cmor3.nemo2cmor: Creating extra axes for table Omon using file /nobackup/rossby27/proj/optimesm/sm_wyser/ece-run/CD11/output/nemo/438/CD11_1m_22870101_22871231_opa_grid_1point.nc...
INFO:ece2cmor3.nemo2cmor: Cmorizing variable masso                in table Omon    in file /nobackup/rossby27/proj/optimesm/sm_wyser/ece-run/CD11/output/nemo/438/CD11_1m_22870101_22871231_opa_grid_1point.nc
INFO:ece2cmor3.nemo2cmor: Cmorizing variable soga                 in table Omon    in file /nobackup/rossby27/proj/optimesm/sm_wyser/ece-run/CD11/output/nemo/438/CD11_1m_22870101_22871231_opa_grid_1point.nc
INFO:ece2cmor3.nemo2cmor: Cmorizing variable sosga                in table Omon    in file /nobackup/rossby27/proj/optimesm/sm_wyser/ece-run/CD11/output/nemo/438/CD11_1m_22870101_22871231_opa_grid_1point.nc
INFO:ece2cmor3.nemo2cmor: Cmorizing variable thetaoga             in table Omon    in file /nobackup/rossby27/proj/optimesm/sm_wyser/ece-run/CD11/output/nemo/438/CD11_1m_22870101_22871231_opa_grid_1point.nc
INFO:ece2cmor3.nemo2cmor: Cmorizing variable tosga                in table Omon    in file /nobackup/rossby27/proj/optimesm/sm_wyser/ece-run/CD11/output/nemo/438/CD11_1m_22870101_22871231_opa_grid_1point.nc
INFO:ece2cmor3.nemo2cmor: Cmorizing variable volo                 in table Omon    in file /nobackup/rossby27/proj/optimesm/sm_wyser/ece-run/CD11/output/nemo/438/CD11_1m_22870101_22871231_opa_grid_1point.nc
INFO:ece2cmor3.nemo2cmor: Cmorizing variable zostoga              in table Omon    in file /nobackup/rossby27/proj/optimesm/sm_wyser/ece-run/CD11/output/nemo/438/CD11_1m_22870101_22871231_opa_grid_1point.nc
INFO:ece2cmor3.nemo2cmor: Start cmorization of msftyz in table Omon
INFO:ece2cmor3.nemo2cmor: Creating time axis for table Omon using file /nobackup/rossby27/proj/optimesm/sm_wyser/ece-run/CD11/output/nemo/438/CD11_1m_22870101_22871231_opa_grid_ptr_W_3basin_3D.nc...
INFO:ece2cmor3.nemo2cmor: Creating depth axes for table Omon using file /nobackup/rossby27/proj/optimesm/sm_wyser/ece-run/CD11/output/nemo/438/CD11_1m_22870101_22871231_opa_grid_ptr_W_3basin_3D.nc...
INFO:ece2cmor3.nemo2cmor: Creating extra axes for table Omon using file /nobackup/rossby27/proj/optimesm/sm_wyser/ece-run/CD11/output/nemo/438/CD11_1m_22870101_22871231_opa_grid_ptr_W_3basin_3D.nc...
INFO:ece2cmor3.nemo2cmor: Cmorizing variable msftyz               in table Omon    in file /nobackup/rossby27/proj/optimesm/sm_wyser/ece-run/CD11/output/nemo/438/CD11_1m_22870101_22871231_opa_grid_ptr_W_3basin_3D.nc
INFO:ece2cmor3.nemo2cmor: Start cmorization of umo,uo in table Omon
INFO:ece2cmor3.nemo2cmor: Creating time axis for table Omon using file /nobackup/rossby27/proj/optimesm/sm_wyser/ece-run/CD11/output/nemo/438/CD11_1m_22870101_22871231_opa_grid_U_3D.nc...
INFO:ece2cmor3.nemo2cmor: Creating depth axes for table Omon using file /nobackup/rossby27/proj/optimesm/sm_wyser/ece-run/CD11/output/nemo/438/CD11_1m_22870101_22871231_opa_grid_U_3D.nc...
INFO:ece2cmor3.nemo2cmor: Creating extra axes for table Omon using file /nobackup/rossby27/proj/optimesm/sm_wyser/ece-run/CD11/output/nemo/438/CD11_1m_22870101_22871231_opa_grid_U_3D.nc...
INFO:ece2cmor3.nemo2cmor: Cmorizing variable umo                  in table Omon    in file /nobackup/rossby27/proj/optimesm/sm_wyser/ece-run/CD11/output/nemo/438/CD11_1m_22870101_22871231_opa_grid_U_3D.nc
INFO:ece2cmor3.nemo2cmor: Cmorizing variable uo                   in table Omon    in file /nobackup/rossby27/proj/optimesm/sm_wyser/ece-run/CD11/output/nemo/438/CD11_1m_22870101_22871231_opa_grid_U_3D.nc
INFO:ece2cmor3.nemo2cmor: Start cmorization of vmo,vo in table Omon
INFO:ece2cmor3.nemo2cmor: Creating time axis for table Omon using file /nobackup/rossby27/proj/optimesm/sm_wyser/ece-run/CD11/output/nemo/438/CD11_1m_22870101_22871231_opa_grid_V_3D.nc...
INFO:ece2cmor3.nemo2cmor: Creating depth axes for table Omon using file /nobackup/rossby27/proj/optimesm/sm_wyser/ece-run/CD11/output/nemo/438/CD11_1m_22870101_22871231_opa_grid_V_3D.nc...
INFO:ece2cmor3.nemo2cmor: Creating extra axes for table Omon using file /nobackup/rossby27/proj/optimesm/sm_wyser/ece-run/CD11/output/nemo/438/CD11_1m_22870101_22871231_opa_grid_V_3D.nc...
INFO:ece2cmor3.nemo2cmor: Cmorizing variable vmo                  in table Omon    in file /nobackup/rossby27/proj/optimesm/sm_wyser/ece-run/CD11/output/nemo/438/CD11_1m_22870101_22871231_opa_grid_V_3D.nc
INFO:ece2cmor3.nemo2cmor: Cmorizing variable vo                   in table Omon    in file /nobackup/rossby27/proj/optimesm/sm_wyser/ece-run/CD11/output/nemo/438/CD11_1m_22870101_22871231_opa_grid_V_3D.nc
INFO:ece2cmor3.nemo2cmor: Start cmorization of wmo,wo in table Omon
INFO:ece2cmor3.nemo2cmor: Creating time axis for table Omon using file /nobackup/rossby27/proj/optimesm/sm_wyser/ece-run/CD11/output/nemo/438/CD11_1m_22870101_22871231_opa_grid_W_3D.nc...
INFO:ece2cmor3.nemo2cmor: Creating depth axes for table Omon using file /nobackup/rossby27/proj/optimesm/sm_wyser/ece-run/CD11/output/nemo/438/CD11_1m_22870101_22871231_opa_grid_W_3D.nc...
INFO:ece2cmor3.nemo2cmor: Creating extra axes for table Omon using file /nobackup/rossby27/proj/optimesm/sm_wyser/ece-run/CD11/output/nemo/438/CD11_1m_22870101_22871231_opa_grid_W_3D.nc...
INFO:ece2cmor3.nemo2cmor: Cmorizing variable wmo                  in table Omon    in file /nobackup/rossby27/proj/optimesm/sm_wyser/ece-run/CD11/output/nemo/438/CD11_1m_22870101_22871231_opa_grid_W_3D.nc
INFO:ece2cmor3.nemo2cmor: Cmorizing variable wo                   in table Omon    in file /nobackup/rossby27/proj/optimesm/sm_wyser/ece-run/CD11/output/nemo/438/CD11_1m_22870101_22871231_opa_grid_W_3D.nc
INFO:ece2cmor3.nemo2cmor: Start cmorization of siconc,sisnthick,sispeed,sitemptop,sithick,sitimefrac,sidconcdyn,sidconcth,sidmassdyn,sidmassth in table SIday
INFO:ece2cmor3.nemo2cmor: Creating time axes for table SIday from data in /nobackup/rossby27/proj/optimesm/sm_wyser/ece-run/CD11/output/nemo/438/CD11_1d_22870101_22871231_lim_grid_T_2D.nc...
INFO:ece2cmor3.nemo2cmor: Creating time axis for table SIday using file /nobackup/rossby27/proj/optimesm/sm_wyser/ece-run/CD11/output/nemo/438/CD11_1d_22870101_22871231_lim_grid_T_2D.nc...
INFO:ece2cmor3.nemo2cmor: Creating depth axes for table SIday from data in /nobackup/rossby27/proj/optimesm/sm_wyser/ece-run/CD11/output/nemo/438/CD11_1d_22870101_22871231_lim_grid_T_2D.nc ...
INFO:ece2cmor3.nemo2cmor: Creating depth axes for table SIday using file /nobackup/rossby27/proj/optimesm/sm_wyser/ece-run/CD11/output/nemo/438/CD11_1d_22870101_22871231_lim_grid_T_2D.nc...
INFO:ece2cmor3.nemo2cmor: Creating extra axes for table SIday from data in /nobackup/rossby27/proj/optimesm/sm_wyser/ece-run/CD11/output/nemo/438/CD11_1d_22870101_22871231_lim_grid_T_2D.nc ...
INFO:ece2cmor3.nemo2cmor: Creating extra axes for table SIday using file /nobackup/rossby27/proj/optimesm/sm_wyser/ece-run/CD11/output/nemo/438/CD11_1d_22870101_22871231_lim_grid_T_2D.nc...
ERROR:ece2cmor3.nemo2cmor: Dimension ncatice could not be found in file /nobackup/rossby27/proj/optimesm/sm_wyser/ece-run/CD11/output/nemo/438/CD11_1d_22870101_22871231_lim_grid_T_2D.nc, inserting using length-one dimension instead
INFO:ece2cmor3.nemo2cmor: Cmorizing variable siconc               in table SIday   in file /nobackup/rossby27/proj/optimesm/sm_wyser/ece-run/CD11/output/nemo/438/CD11_1d_22870101_22871231_lim_grid_T_2D.nc
INFO:ece2cmor3.nemo2cmor: Cmorizing variable sisnthick            in table SIday   in file /nobackup/rossby27/proj/optimesm/sm_wyser/ece-run/CD11/output/nemo/438/CD11_1d_22870101_22871231_lim_grid_T_2D.nc
INFO:ece2cmor3.nemo2cmor: Cmorizing variable sispeed              in table SIday   in file /nobackup/rossby27/proj/optimesm/sm_wyser/ece-run/CD11/output/nemo/438/CD11_1d_22870101_22871231_lim_grid_T_2D.nc
INFO:ece2cmor3.nemo2cmor: Cmorizing variable sitemptop            in table SIday   in file /nobackup/rossby27/proj/optimesm/sm_wyser/ece-run/CD11/output/nemo/438/CD11_1d_22870101_22871231_lim_grid_T_2D.nc
INFO:ece2cmor3.nemo2cmor: Cmorizing variable sithick              in table SIday   in file /nobackup/rossby27/proj/optimesm/sm_wyser/ece-run/CD11/output/nemo/438/CD11_1d_22870101_22871231_lim_grid_T_2D.nc
INFO:ece2cmor3.nemo2cmor: Cmorizing variable sitimefrac           in table SIday   in file /nobackup/rossby27/proj/optimesm/sm_wyser/ece-run/CD11/output/nemo/438/CD11_1d_22870101_22871231_lim_grid_T_2D.nc
INFO:ece2cmor3.nemo2cmor: Cmorizing variable sidconcdyn           in table SIday   in file /nobackup/rossby27/proj/optimesm/sm_wyser/ece-run/CD11/output/nemo/438/CD11_1d_22870101_22871231_lim_grid_T_2D.nc
INFO:ece2cmor3.nemo2cmor: Cmorizing variable sidconcth            in table SIday   in file /nobackup/rossby27/proj/optimesm/sm_wyser/ece-run/CD11/output/nemo/438/CD11_1d_22870101_22871231_lim_grid_T_2D.nc
INFO:ece2cmor3.nemo2cmor: Cmorizing variable sidmassdyn           in table SIday   in file /nobackup/rossby27/proj/optimesm/sm_wyser/ece-run/CD11/output/nemo/438/CD11_1d_22870101_22871231_lim_grid_T_2D.nc
INFO:ece2cmor3.nemo2cmor: Cmorizing variable sidmassth            in table SIday   in file /nobackup/rossby27/proj/optimesm/sm_wyser/ece-run/CD11/output/nemo/438/CD11_1d_22870101_22871231_lim_grid_T_2D.nc
INFO:ece2cmor3.nemo2cmor: Start cmorization of siu in table SIday
INFO:ece2cmor3.nemo2cmor: Creating time axis for table SIday using file /nobackup/rossby27/proj/optimesm/sm_wyser/ece-run/CD11/output/nemo/438/CD11_1d_22870101_22871231_lim_grid_U_2D.nc...
INFO:ece2cmor3.nemo2cmor: Creating depth axes for table SIday using file /nobackup/rossby27/proj/optimesm/sm_wyser/ece-run/CD11/output/nemo/438/CD11_1d_22870101_22871231_lim_grid_U_2D.nc...
INFO:ece2cmor3.nemo2cmor: Creating extra axes for table SIday using file /nobackup/rossby27/proj/optimesm/sm_wyser/ece-run/CD11/output/nemo/438/CD11_1d_22870101_22871231_lim_grid_U_2D.nc...
INFO:ece2cmor3.nemo2cmor: Cmorizing variable siu                  in table SIday   in file /nobackup/rossby27/proj/optimesm/sm_wyser/ece-run/CD11/output/nemo/438/CD11_1d_22870101_22871231_lim_grid_U_2D.nc
INFO:ece2cmor3.nemo2cmor: Start cmorization of siv in table SIday
INFO:ece2cmor3.nemo2cmor: Creating time axis for table SIday using file /nobackup/rossby27/proj/optimesm/sm_wyser/ece-run/CD11/output/nemo/438/CD11_1d_22870101_22871231_lim_grid_V_2D.nc...
INFO:ece2cmor3.nemo2cmor: Creating depth axes for table SIday using file /nobackup/rossby27/proj/optimesm/sm_wyser/ece-run/CD11/output/nemo/438/CD11_1d_22870101_22871231_lim_grid_V_2D.nc...
INFO:ece2cmor3.nemo2cmor: Creating extra axes for table SIday using file /nobackup/rossby27/proj/optimesm/sm_wyser/ece-run/CD11/output/nemo/438/CD11_1d_22870101_22871231_lim_grid_V_2D.nc...
INFO:ece2cmor3.nemo2cmor: Cmorizing variable siv                  in table SIday   in file /nobackup/rossby27/proj/optimesm/sm_wyser/ece-run/CD11/output/nemo/438/CD11_1d_22870101_22871231_lim_grid_V_2D.nc
INFO:ece2cmor3.nemo2cmor: Start cmorization of sfdsi,siage,sicompstren,siconc,sidconcdyn,sidconcth,sidivvel,siflsaltbot,sidmassdyn,sidmassevapsubl,sidmassgrowthbot,sidmassgrowthwat,sidmassmeltbot,sidmassmelttop,sidmasssi,sidmassth,sidmasstranx,sidmasstrany,sifb,siflcondbot,siflcondtop,siflfwbot,siflfwdrain,siflsensupbot,siflswdtop,siforcecoriolx,siforcecorioly,siforceintstrx,siforceintstry,siforcetiltx,siforcetilty,sihc,simass,sisali,sisaltmass,sishevel,sisnhc,sisnmass,sisnthick,sispeed,sistremax,sistresave,sistrxdtop,sistrxubot,sistrydtop,sistryubot,sitempbot,sitempsnic,sitemptop,sithick,sitimefrac,sivol,sndmassdyn,sndmassmelt,sndmasssi,sndmasssnf,sndmasssubl in table SImon
INFO:ece2cmor3.nemo2cmor: Creating time axes for table SImon from data in /nobackup/rossby27/proj/optimesm/sm_wyser/ece-run/CD11/output/nemo/438/CD11_1m_22870101_22871231_lim_grid_T_2D.nc...
INFO:ece2cmor3.nemo2cmor: Creating time axis for table SImon using file /nobackup/rossby27/proj/optimesm/sm_wyser/ece-run/CD11/output/nemo/438/CD11_1m_22870101_22871231_lim_grid_T_2D.nc...
INFO:ece2cmor3.nemo2cmor: Creating depth axes for table SImon from data in /nobackup/rossby27/proj/optimesm/sm_wyser/ece-run/CD11/output/nemo/438/CD11_1m_22870101_22871231_lim_grid_T_2D.nc ...
INFO:ece2cmor3.nemo2cmor: Creating depth axes for table SImon using file /nobackup/rossby27/proj/optimesm/sm_wyser/ece-run/CD11/output/nemo/438/CD11_1m_22870101_22871231_lim_grid_T_2D.nc...
INFO:ece2cmor3.nemo2cmor: Creating extra axes for table SImon from data in /nobackup/rossby27/proj/optimesm/sm_wyser/ece-run/CD11/output/nemo/438/CD11_1m_22870101_22871231_lim_grid_T_2D.nc ...
INFO:ece2cmor3.nemo2cmor: Creating extra axes for table SImon using file /nobackup/rossby27/proj/optimesm/sm_wyser/ece-run/CD11/output/nemo/438/CD11_1m_22870101_22871231_lim_grid_T_2D.nc...
ERROR:ece2cmor3.nemo2cmor: Dimension ncatice could not be found in file /nobackup/rossby27/proj/optimesm/sm_wyser/ece-run/CD11/output/nemo/438/CD11_1m_22870101_22871231_lim_grid_T_2D.nc, inserting using length-one dimension instead
INFO:ece2cmor3.nemo2cmor: Cmorizing variable sfdsi                in table SImon   in file /nobackup/rossby27/proj/optimesm/sm_wyser/ece-run/CD11/output/nemo/438/CD11_1m_22870101_22871231_lim_grid_T_2D.nc
INFO:ece2cmor3.nemo2cmor: Cmorizing variable siage                in table SImon   in file /nobackup/rossby27/proj/optimesm/sm_wyser/ece-run/CD11/output/nemo/438/CD11_1m_22870101_22871231_lim_grid_T_2D.nc
INFO:ece2cmor3.nemo2cmor: Cmorizing variable sicompstren          in table SImon   in file /nobackup/rossby27/proj/optimesm/sm_wyser/ece-run/CD11/output/nemo/438/CD11_1m_22870101_22871231_lim_grid_T_2D.nc
INFO:ece2cmor3.nemo2cmor: Cmorizing variable siconc               in table SImon   in file /nobackup/rossby27/proj/optimesm/sm_wyser/ece-run/CD11/output/nemo/438/CD11_1m_22870101_22871231_lim_grid_T_2D.nc
INFO:ece2cmor3.nemo2cmor: Cmorizing variable sidconcdyn           in table SImon   in file /nobackup/rossby27/proj/optimesm/sm_wyser/ece-run/CD11/output/nemo/438/CD11_1m_22870101_22871231_lim_grid_T_2D.nc
INFO:ece2cmor3.nemo2cmor: Cmorizing variable sidconcth            in table SImon   in file /nobackup/rossby27/proj/optimesm/sm_wyser/ece-run/CD11/output/nemo/438/CD11_1m_22870101_22871231_lim_grid_T_2D.nc
INFO:ece2cmor3.nemo2cmor: Cmorizing variable sidivvel             in table SImon   in file /nobackup/rossby27/proj/optimesm/sm_wyser/ece-run/CD11/output/nemo/438/CD11_1m_22870101_22871231_lim_grid_T_2D.nc
INFO:ece2cmor3.nemo2cmor: Cmorizing variable siflsaltbot          in table SImon   in file /nobackup/rossby27/proj/optimesm/sm_wyser/ece-run/CD11/output/nemo/438/CD11_1m_22870101_22871231_lim_grid_T_2D.nc
INFO:ece2cmor3.nemo2cmor: Cmorizing variable sidmassdyn           in table SImon   in file /nobackup/rossby27/proj/optimesm/sm_wyser/ece-run/CD11/output/nemo/438/CD11_1m_22870101_22871231_lim_grid_T_2D.nc
INFO:ece2cmor3.nemo2cmor: Cmorizing variable sidmassevapsubl      in table SImon   in file /nobackup/rossby27/proj/optimesm/sm_wyser/ece-run/CD11/output/nemo/438/CD11_1m_22870101_22871231_lim_grid_T_2D.nc
INFO:ece2cmor3.nemo2cmor: Cmorizing variable sidmassgrowthbot     in table SImon   in file /nobackup/rossby27/proj/optimesm/sm_wyser/ece-run/CD11/output/nemo/438/CD11_1m_22870101_22871231_lim_grid_T_2D.nc
INFO:ece2cmor3.nemo2cmor: Cmorizing variable sidmassgrowthwat     in table SImon   in file /nobackup/rossby27/proj/optimesm/sm_wyser/ece-run/CD11/output/nemo/438/CD11_1m_22870101_22871231_lim_grid_T_2D.nc
INFO:ece2cmor3.nemo2cmor: Cmorizing variable sidmassmeltbot       in table SImon   in file /nobackup/rossby27/proj/optimesm/sm_wyser/ece-run/CD11/output/nemo/438/CD11_1m_22870101_22871231_lim_grid_T_2D.nc
INFO:ece2cmor3.nemo2cmor: Cmorizing variable sidmassmelttop       in table SImon   in file /nobackup/rossby27/proj/optimesm/sm_wyser/ece-run/CD11/output/nemo/438/CD11_1m_22870101_22871231_lim_grid_T_2D.nc
INFO:ece2cmor3.nemo2cmor: Cmorizing variable sidmasssi            in table SImon   in file /nobackup/rossby27/proj/optimesm/sm_wyser/ece-run/CD11/output/nemo/438/CD11_1m_22870101_22871231_lim_grid_T_2D.nc
INFO:ece2cmor3.nemo2cmor: Cmorizing variable sidmassth            in table SImon   in file /nobackup/rossby27/proj/optimesm/sm_wyser/ece-run/CD11/output/nemo/438/CD11_1m_22870101_22871231_lim_grid_T_2D.nc
INFO:ece2cmor3.nemo2cmor: Cmorizing variable sidmasstranx         in table SImon   in file /nobackup/rossby27/proj/optimesm/sm_wyser/ece-run/CD11/output/nemo/438/CD11_1m_22870101_22871231_lim_grid_T_2D.nc
INFO:ece2cmor3.nemo2cmor: Cmorizing variable sidmasstrany         in table SImon   in file /nobackup/rossby27/proj/optimesm/sm_wyser/ece-run/CD11/output/nemo/438/CD11_1m_22870101_22871231_lim_grid_T_2D.nc
INFO:ece2cmor3.nemo2cmor: Cmorizing variable sifb                 in table SImon   in file /nobackup/rossby27/proj/optimesm/sm_wyser/ece-run/CD11/output/nemo/438/CD11_1m_22870101_22871231_lim_grid_T_2D.nc
INFO:ece2cmor3.nemo2cmor: Cmorizing variable siflcondbot          in table SImon   in file /nobackup/rossby27/proj/optimesm/sm_wyser/ece-run/CD11/output/nemo/438/CD11_1m_22870101_22871231_lim_grid_T_2D.nc
INFO:ece2cmor3.nemo2cmor: Cmorizing variable siflcondtop          in table SImon   in file /nobackup/rossby27/proj/optimesm/sm_wyser/ece-run/CD11/output/nemo/438/CD11_1m_22870101_22871231_lim_grid_T_2D.nc
INFO:ece2cmor3.nemo2cmor: Cmorizing variable siflfwbot            in table SImon   in file /nobackup/rossby27/proj/optimesm/sm_wyser/ece-run/CD11/output/nemo/438/CD11_1m_22870101_22871231_lim_grid_T_2D.nc
INFO:ece2cmor3.nemo2cmor: Cmorizing variable siflfwdrain          in table SImon   in file /nobackup/rossby27/proj/optimesm/sm_wyser/ece-run/CD11/output/nemo/438/CD11_1m_22870101_22871231_lim_grid_T_2D.nc
INFO:ece2cmor3.nemo2cmor: Cmorizing variable siflsensupbot        in table SImon   in file /nobackup/rossby27/proj/optimesm/sm_wyser/ece-run/CD11/output/nemo/438/CD11_1m_22870101_22871231_lim_grid_T_2D.nc
INFO:ece2cmor3.nemo2cmor: Cmorizing variable siflswdtop           in table SImon   in file /nobackup/rossby27/proj/optimesm/sm_wyser/ece-run/CD11/output/nemo/438/CD11_1m_22870101_22871231_lim_grid_T_2D.nc
INFO:ece2cmor3.nemo2cmor: Cmorizing variable siforcecoriolx       in table SImon   in file /nobackup/rossby27/proj/optimesm/sm_wyser/ece-run/CD11/output/nemo/438/CD11_1m_22870101_22871231_lim_grid_T_2D.nc
INFO:ece2cmor3.nemo2cmor: Cmorizing variable siforcecorioly       in table SImon   in file /nobackup/rossby27/proj/optimesm/sm_wyser/ece-run/CD11/output/nemo/438/CD11_1m_22870101_22871231_lim_grid_T_2D.nc
INFO:ece2cmor3.nemo2cmor: Cmorizing variable siforceintstrx       in table SImon   in file /nobackup/rossby27/proj/optimesm/sm_wyser/ece-run/CD11/output/nemo/438/CD11_1m_22870101_22871231_lim_grid_T_2D.nc
INFO:ece2cmor3.nemo2cmor: Cmorizing variable siforceintstry       in table SImon   in file /nobackup/rossby27/proj/optimesm/sm_wyser/ece-run/CD11/output/nemo/438/CD11_1m_22870101_22871231_lim_grid_T_2D.nc
INFO:ece2cmor3.nemo2cmor: Cmorizing variable siforcetiltx         in table SImon   in file /nobackup/rossby27/proj/optimesm/sm_wyser/ece-run/CD11/output/nemo/438/CD11_1m_22870101_22871231_lim_grid_T_2D.nc
INFO:ece2cmor3.nemo2cmor: Cmorizing variable siforcetilty         in table SImon   in file /nobackup/rossby27/proj/optimesm/sm_wyser/ece-run/CD11/output/nemo/438/CD11_1m_22870101_22871231_lim_grid_T_2D.nc
INFO:ece2cmor3.nemo2cmor: Cmorizing variable sihc                 in table SImon   in file /nobackup/rossby27/proj/optimesm/sm_wyser/ece-run/CD11/output/nemo/438/CD11_1m_22870101_22871231_lim_grid_T_2D.nc
INFO:ece2cmor3.nemo2cmor: Cmorizing variable simass               in table SImon   in file /nobackup/rossby27/proj/optimesm/sm_wyser/ece-run/CD11/output/nemo/438/CD11_1m_22870101_22871231_lim_grid_T_2D.nc
INFO:ece2cmor3.nemo2cmor: Cmorizing variable sisali               in table SImon   in file /nobackup/rossby27/proj/optimesm/sm_wyser/ece-run/CD11/output/nemo/438/CD11_1m_22870101_22871231_lim_grid_T_2D.nc
INFO:ece2cmor3.nemo2cmor: Cmorizing variable sisaltmass           in table SImon   in file /nobackup/rossby27/proj/optimesm/sm_wyser/ece-run/CD11/output/nemo/438/CD11_1m_22870101_22871231_lim_grid_T_2D.nc
INFO:ece2cmor3.nemo2cmor: Cmorizing variable sishevel             in table SImon   in file /nobackup/rossby27/proj/optimesm/sm_wyser/ece-run/CD11/output/nemo/438/CD11_1m_22870101_22871231_lim_grid_T_2D.nc
INFO:ece2cmor3.nemo2cmor: Cmorizing variable sisnhc               in table SImon   in file /nobackup/rossby27/proj/optimesm/sm_wyser/ece-run/CD11/output/nemo/438/CD11_1m_22870101_22871231_lim_grid_T_2D.nc
INFO:ece2cmor3.nemo2cmor: Cmorizing variable sisnmass             in table SImon   in file /nobackup/rossby27/proj/optimesm/sm_wyser/ece-run/CD11/output/nemo/438/CD11_1m_22870101_22871231_lim_grid_T_2D.nc
INFO:ece2cmor3.nemo2cmor: Cmorizing variable sisnthick            in table SImon   in file /nobackup/rossby27/proj/optimesm/sm_wyser/ece-run/CD11/output/nemo/438/CD11_1m_22870101_22871231_lim_grid_T_2D.nc
INFO:ece2cmor3.nemo2cmor: Cmorizing variable sispeed              in table SImon   in file /nobackup/rossby27/proj/optimesm/sm_wyser/ece-run/CD11/output/nemo/438/CD11_1m_22870101_22871231_lim_grid_T_2D.nc
INFO:ece2cmor3.nemo2cmor: Cmorizing variable sistremax            in table SImon   in file /nobackup/rossby27/proj/optimesm/sm_wyser/ece-run/CD11/output/nemo/438/CD11_1m_22870101_22871231_lim_grid_T_2D.nc
INFO:ece2cmor3.nemo2cmor: Cmorizing variable sistresave           in table SImon   in file /nobackup/rossby27/proj/optimesm/sm_wyser/ece-run/CD11/output/nemo/438/CD11_1m_22870101_22871231_lim_grid_T_2D.nc
INFO:ece2cmor3.nemo2cmor: Cmorizing variable sistrxdtop           in table SImon   in file /nobackup/rossby27/proj/optimesm/sm_wyser/ece-run/CD11/output/nemo/438/CD11_1m_22870101_22871231_lim_grid_T_2D.nc
INFO:ece2cmor3.nemo2cmor: Cmorizing variable sistrxubot           in table SImon   in file /nobackup/rossby27/proj/optimesm/sm_wyser/ece-run/CD11/output/nemo/438/CD11_1m_22870101_22871231_lim_grid_T_2D.nc
INFO:ece2cmor3.nemo2cmor: Cmorizing variable sistrydtop           in table SImon   in file /nobackup/rossby27/proj/optimesm/sm_wyser/ece-run/CD11/output/nemo/438/CD11_1m_22870101_22871231_lim_grid_T_2D.nc
INFO:ece2cmor3.nemo2cmor: Cmorizing variable sistryubot           in table SImon   in file /nobackup/rossby27/proj/optimesm/sm_wyser/ece-run/CD11/output/nemo/438/CD11_1m_22870101_22871231_lim_grid_T_2D.nc
INFO:ece2cmor3.nemo2cmor: Cmorizing variable sitempbot            in table SImon   in file /nobackup/rossby27/proj/optimesm/sm_wyser/ece-run/CD11/output/nemo/438/CD11_1m_22870101_22871231_lim_grid_T_2D.nc
INFO:ece2cmor3.nemo2cmor: Cmorizing variable sitempsnic           in table SImon   in file /nobackup/rossby27/proj/optimesm/sm_wyser/ece-run/CD11/output/nemo/438/CD11_1m_22870101_22871231_lim_grid_T_2D.nc
INFO:ece2cmor3.nemo2cmor: Cmorizing variable sitemptop            in table SImon   in file /nobackup/rossby27/proj/optimesm/sm_wyser/ece-run/CD11/output/nemo/438/CD11_1m_22870101_22871231_lim_grid_T_2D.nc
INFO:ece2cmor3.nemo2cmor: Cmorizing variable sithick              in table SImon   in file /nobackup/rossby27/proj/optimesm/sm_wyser/ece-run/CD11/output/nemo/438/CD11_1m_22870101_22871231_lim_grid_T_2D.nc
INFO:ece2cmor3.nemo2cmor: Cmorizing variable sitimefrac           in table SImon   in file /nobackup/rossby27/proj/optimesm/sm_wyser/ece-run/CD11/output/nemo/438/CD11_1m_22870101_22871231_lim_grid_T_2D.nc
INFO:ece2cmor3.nemo2cmor: Cmorizing variable sivol                in table SImon   in file /nobackup/rossby27/proj/optimesm/sm_wyser/ece-run/CD11/output/nemo/438/CD11_1m_22870101_22871231_lim_grid_T_2D.nc
INFO:ece2cmor3.nemo2cmor: Cmorizing variable sndmassdyn           in table SImon   in file /nobackup/rossby27/proj/optimesm/sm_wyser/ece-run/CD11/output/nemo/438/CD11_1m_22870101_22871231_lim_grid_T_2D.nc
INFO:ece2cmor3.nemo2cmor: Cmorizing variable sndmassmelt          in table SImon   in file /nobackup/rossby27/proj/optimesm/sm_wyser/ece-run/CD11/output/nemo/438/CD11_1m_22870101_22871231_lim_grid_T_2D.nc
INFO:ece2cmor3.nemo2cmor: Cmorizing variable sndmasssi            in table SImon   in file /nobackup/rossby27/proj/optimesm/sm_wyser/ece-run/CD11/output/nemo/438/CD11_1m_22870101_22871231_lim_grid_T_2D.nc
INFO:ece2cmor3.nemo2cmor: Cmorizing variable sndmasssnf           in table SImon   in file /nobackup/rossby27/proj/optimesm/sm_wyser/ece-run/CD11/output/nemo/438/CD11_1m_22870101_22871231_lim_grid_T_2D.nc
INFO:ece2cmor3.nemo2cmor: Cmorizing variable sndmasssubl          in table SImon   in file /nobackup/rossby27/proj/optimesm/sm_wyser/ece-run/CD11/output/nemo/438/CD11_1m_22870101_22871231_lim_grid_T_2D.nc
INFO:ece2cmor3.nemo2cmor: Start cmorization of siarean,siareas,siextentn,siextents,sivoln,sivols in table SImon
INFO:ece2cmor3.nemo2cmor: Creating time axis for table SImon using file /nobackup/rossby27/proj/optimesm/sm_wyser/ece-run/CD11/output/nemo/438/CD11_1m_22870101_22871231_lim_grid_1point.nc...
INFO:ece2cmor3.nemo2cmor: Creating depth axes for table SImon using file /nobackup/rossby27/proj/optimesm/sm_wyser/ece-run/CD11/output/nemo/438/CD11_1m_22870101_22871231_lim_grid_1point.nc...
INFO:ece2cmor3.nemo2cmor: Creating extra axes for table SImon using file /nobackup/rossby27/proj/optimesm/sm_wyser/ece-run/CD11/output/nemo/438/CD11_1m_22870101_22871231_lim_grid_1point.nc...
INFO:ece2cmor3.nemo2cmor: Cmorizing variable siarean              in table SImon   in file /nobackup/rossby27/proj/optimesm/sm_wyser/ece-run/CD11/output/nemo/438/CD11_1m_22870101_22871231_lim_grid_1point.nc
INFO:ece2cmor3.nemo2cmor: Cmorizing variable siareas              in table SImon   in file /nobackup/rossby27/proj/optimesm/sm_wyser/ece-run/CD11/output/nemo/438/CD11_1m_22870101_22871231_lim_grid_1point.nc
INFO:ece2cmor3.nemo2cmor: Cmorizing variable siextentn            in table SImon   in file /nobackup/rossby27/proj/optimesm/sm_wyser/ece-run/CD11/output/nemo/438/CD11_1m_22870101_22871231_lim_grid_1point.nc
INFO:ece2cmor3.nemo2cmor: Cmorizing variable siextents            in table SImon   in file /nobackup/rossby27/proj/optimesm/sm_wyser/ece-run/CD11/output/nemo/438/CD11_1m_22870101_22871231_lim_grid_1point.nc
INFO:ece2cmor3.nemo2cmor: Cmorizing variable sivoln               in table SImon   in file /nobackup/rossby27/proj/optimesm/sm_wyser/ece-run/CD11/output/nemo/438/CD11_1m_22870101_22871231_lim_grid_1point.nc
INFO:ece2cmor3.nemo2cmor: Cmorizing variable sivols               in table SImon   in file /nobackup/rossby27/proj/optimesm/sm_wyser/ece-run/CD11/output/nemo/438/CD11_1m_22870101_22871231_lim_grid_1point.nc
INFO:ece2cmor3.nemo2cmor: Start cmorization of siitdconc,siitdsnthick,siitdthick in table SImon
INFO:ece2cmor3.nemo2cmor: Creating time axis for table SImon using file /nobackup/rossby27/proj/optimesm/sm_wyser/ece-run/CD11/output/nemo/438/CD11_1m_22870101_22871231_lim_grid_T_3D_ncatice.nc...
INFO:ece2cmor3.nemo2cmor: Creating depth axes for table SImon using file /nobackup/rossby27/proj/optimesm/sm_wyser/ece-run/CD11/output/nemo/438/CD11_1m_22870101_22871231_lim_grid_T_3D_ncatice.nc...
INFO:ece2cmor3.nemo2cmor: Creating extra axes for table SImon using file /nobackup/rossby27/proj/optimesm/sm_wyser/ece-run/CD11/output/nemo/438/CD11_1m_22870101_22871231_lim_grid_T_3D_ncatice.nc...
INFO:ece2cmor3.nemo2cmor: Cmorizing variable siitdconc            in table SImon   in file /nobackup/rossby27/proj/optimesm/sm_wyser/ece-run/CD11/output/nemo/438/CD11_1m_22870101_22871231_lim_grid_T_3D_ncatice.nc
INFO:ece2cmor3.nemo2cmor: Cmorizing variable siitdsnthick         in table SImon   in file /nobackup/rossby27/proj/optimesm/sm_wyser/ece-run/CD11/output/nemo/438/CD11_1m_22870101_22871231_lim_grid_T_3D_ncatice.nc
INFO:ece2cmor3.nemo2cmor: Cmorizing variable siitdthick           in table SImon   in file /nobackup/rossby27/proj/optimesm/sm_wyser/ece-run/CD11/output/nemo/438/CD11_1m_22870101_22871231_lim_grid_T_3D_ncatice.nc
INFO:ece2cmor3.nemo2cmor: Start cmorization of siu in table SImon
INFO:ece2cmor3.nemo2cmor: Creating time axis for table SImon using file /nobackup/rossby27/proj/optimesm/sm_wyser/ece-run/CD11/output/nemo/438/CD11_1m_22870101_22871231_lim_grid_U_2D.nc...
INFO:ece2cmor3.nemo2cmor: Creating depth axes for table SImon using file /nobackup/rossby27/proj/optimesm/sm_wyser/ece-run/CD11/output/nemo/438/CD11_1m_22870101_22871231_lim_grid_U_2D.nc...
INFO:ece2cmor3.nemo2cmor: Creating extra axes for table SImon using file /nobackup/rossby27/proj/optimesm/sm_wyser/ece-run/CD11/output/nemo/438/CD11_1m_22870101_22871231_lim_grid_U_2D.nc...
INFO:ece2cmor3.nemo2cmor: Cmorizing variable siu                  in table SImon   in file /nobackup/rossby27/proj/optimesm/sm_wyser/ece-run/CD11/output/nemo/438/CD11_1m_22870101_22871231_lim_grid_U_2D.nc
INFO:ece2cmor3.nemo2cmor: Start cmorization of siv in table SImon
INFO:ece2cmor3.nemo2cmor: Creating time axis for table SImon using file /nobackup/rossby27/proj/optimesm/sm_wyser/ece-run/CD11/output/nemo/438/CD11_1m_22870101_22871231_lim_grid_V_2D.nc...
INFO:ece2cmor3.nemo2cmor: Creating depth axes for table SImon using file /nobackup/rossby27/proj/optimesm/sm_wyser/ece-run/CD11/output/nemo/438/CD11_1m_22870101_22871231_lim_grid_V_2D.nc...
INFO:ece2cmor3.nemo2cmor: Creating extra axes for table SImon using file /nobackup/rossby27/proj/optimesm/sm_wyser/ece-run/CD11/output/nemo/438/CD11_1m_22870101_22871231_lim_grid_V_2D.nc...
INFO:ece2cmor3.nemo2cmor: Cmorizing variable siv                  in table SImon   in file /nobackup/rossby27/proj/optimesm/sm_wyser/ece-run/CD11/output/nemo/438/CD11_1m_22870101_22871231_lim_grid_V_2D.nc

! ------
! All files were closed successfully. 
! ------
! 

real	4m29.418s
user	3m17.678s
sys	0m36.258s
